<?xml version="1.0" encoding="UTF-8"?>
<coverage generated="1745599041439" clover="3.2.0">
  <project timestamp="1745599041439" name="All files">
    <metrics statements="44" coveredstatements="36" conditionals="37" coveredconditionals="29" methods="7" coveredmethods="6" elements="88" coveredelements="71" complexity="0" loc="44" ncloc="44" packages="2" files="2" classes="2"/>
    <package name="__tests__">
      <metrics statements="17" coveredstatements="14" conditionals="4" coveredconditionals="2" methods="4" coveredmethods="3"/>
      <file name="dbTestHelper.js" path="/Users/abdurahmanomoruyi/Documents/Practicum/finalsprint/NewsExplorerBackend/__tests__/dbTestHelper.js">
        <metrics statements="17" coveredstatements="14" conditionals="4" coveredconditionals="2" methods="4" coveredmethods="3"/>
        <line num="3" count="1" type="stmt"/>
        <line num="6" count="1" type="cond" truecount="1" falsecount="1"/>
        <line num="8" count="1" type="stmt"/>
        <line num="9" count="1" type="stmt"/>
        <line num="16" count="1" type="stmt"/>
        <line num="18" count="0" type="stmt"/>
        <line num="19" count="0" type="stmt"/>
        <line num="24" count="1" type="cond" truecount="1" falsecount="1"/>
        <line num="26" count="1" type="stmt"/>
        <line num="27" count="1" type="stmt"/>
        <line num="28" count="1" type="stmt"/>
        <line num="29" count="0" type="stmt"/>
        <line num="31" count="1" type="stmt"/>
        <line num="33" count="1" type="stmt"/>
        <line num="34" count="2" type="stmt"/>
        <line num="35" count="1" type="stmt"/>
        <line num="36" count="1" type="stmt"/>
      </file>
    </package>
    <package name="src.utils">
      <metrics statements="27" coveredstatements="22" conditionals="33" coveredconditionals="27" methods="3" coveredmethods="3"/>
      <file name="helpers.js" path="/Users/abdurahmanomoruyi/Documents/Practicum/finalsprint/NewsExplorerBackend/src/utils/helpers.js">
        <metrics statements="27" coveredstatements="22" conditionals="33" coveredconditionals="27" methods="3" coveredmethods="3"/>
        <line num="7" count="5" type="stmt"/>
        <line num="9" count="5" type="stmt"/>
        <line num="10" count="5" type="stmt"/>
        <line num="11" count="5" type="stmt"/>
        <line num="18" count="15" type="cond" truecount="1" falsecount="1"/>
        <line num="19" count="0" type="stmt"/>
        <line num="23" count="15" type="cond" truecount="5" falsecount="0"/>
        <line num="24" count="3" type="stmt"/>
        <line num="28" count="12" type="cond" truecount="4" falsecount="0"/>
        <line num="29" count="10" type="cond" truecount="2" falsecount="0"/>
        <line num="30" count="1" type="stmt"/>
        <line num="32" count="9" type="stmt"/>
        <line num="36" count="11" type="cond" truecount="1" falsecount="1"/>
        <line num="37" count="0" type="stmt"/>
        <line num="46" count="11" type="cond" truecount="3" falsecount="1"/>
        <line num="47" count="0" type="stmt"/>
        <line num="50" count="11" type="cond" truecount="4" falsecount="0"/>
        <line num="51" count="9" type="stmt"/>
        <line num="53" count="9" type="cond" truecount="2" falsecount="0"/>
        <line num="54" count="1" type="stmt"/>
        <line num="55" count="1" type="stmt"/>
        <line num="59" count="10" type="stmt"/>
        <line num="63" count="5" type="stmt"/>
        <line num="65" count="15" type="stmt"/>
        <line num="66" count="5" type="stmt"/>
        <line num="68" count="0" type="cond" truecount="0" falsecount="2"/>
        <line num="69" count="0" type="stmt"/>
      </file>
    </package>
  </project>
</coverage>
