{"/Users/abdurahmanomoruyi/Documents/Practicum/finalsprint/NewsExplorerBackend/src/app.js": {"path":"/Users/abdurahmanomoruyi/Documents/Practicum/finalsprint/NewsExplorerBackend/src/app.js","statementMap":{"0":{"start":{"line":11,"column":0},"end":{"line":11,"column":16}},"1":{"start":{"line":21,"column":12},"end":{"line":21,"column":21}},"2":{"start":{"line":23,"column":0},"end":{"line":23,"column":27}},"3":{"start":{"line":25,"column":0},"end":{"line":25,"column":24}},"4":{"start":{"line":26,"column":0},"end":{"line":26,"column":25}},"5":{"start":{"line":27,"column":0},"end":{"line":27,"column":28}},"6":{"start":{"line":28,"column":0},"end":{"line":28,"column":48}},"7":{"start":{"line":31,"column":0},"end":{"line":34,"column":1}},"8":{"start":{"line":33,"column":2},"end":{"line":33,"column":40}},"9":{"start":{"line":36,"column":22},"end":{"line":41,"column":1}},"10":{"start":{"line":37,"column":2},"end":{"line":37,"column":62}},"11":{"start":{"line":38,"column":2},"end":{"line":38,"column":40}},"12":{"start":{"line":39,"column":2},"end":{"line":39,"column":34}},"13":{"start":{"line":40,"column":2},"end":{"line":40,"column":9}},"14":{"start":{"line":42,"column":0},"end":{"line":42,"column":23}},"15":{"start":{"line":43,"column":0},"end":{"line":43,"column":16}},"16":{"start":{"line":44,"column":0},"end":{"line":44,"column":22}}},"fnMap":{"0":{"name":"(anonymous_0)","decl":{"start":{"line":36,"column":22},"end":{"line":36,"column":23}},"loc":{"start":{"line":36,"column":42},"end":{"line":41,"column":1}},"line":36}},"branchMap":{"0":{"loc":{"start":{"line":31,"column":0},"end":{"line":34,"column":1}},"type":"if","locations":[{"start":{"line":31,"column":0},"end":{"line":34,"column":1}},{"start":{},"end":{}}],"line":31}},"s":{"0":1,"1":1,"2":1,"3":1,"4":1,"5":1,"6":1,"7":1,"8":0,"9":1,"10":0,"11":0,"12":0,"13":0,"14":1,"15":1,"16":1},"f":{"0":0},"b":{"0":[0,1]},"_coverageSchema":"1a1c01bbd47fc00a2c39e90264f33305004495a9","hash":"cb7f37241f234c0358ebf672e0ab0f43a53d2890"}
,"/Users/abdurahmanomoruyi/Documents/Practicum/finalsprint/NewsExplorerBackend/src/server.js": {"path":"/Users/abdurahmanomoruyi/Documents/Practicum/finalsprint/NewsExplorerBackend/src/server.js","statementMap":{"0":{"start":{"line":2,"column":0},"end":{"line":2,"column":16}},"1":{"start":{"line":9,"column":18},"end":{"line":9,"column":38}},"2":{"start":{"line":11,"column":0},"end":{"line":11,"column":27}},"3":{"start":{"line":14,"column":2},"end":{"line":20,"column":3}},"4":{"start":{"line":15,"column":4},"end":{"line":15,"column":15}},"5":{"start":{"line":16,"column":4},"end":{"line":16,"column":51}},"6":{"start":{"line":18,"column":4},"end":{"line":18,"column":53}},"7":{"start":{"line":19,"column":4},"end":{"line":19,"column":14}},"8":{"start":{"line":24,"column":2},"end":{"line":32,"column":3}},"9":{"start":{"line":25,"column":4},"end":{"line":25,"column":50}},"10":{"start":{"line":26,"column":4},"end":{"line":26,"column":33}},"11":{"start":{"line":28,"column":4},"end":{"line":28,"column":52}},"12":{"start":{"line":29,"column":4},"end":{"line":31,"column":5}},"13":{"start":{"line":30,"column":6},"end":{"line":30,"column":22}},"14":{"start":{"line":39,"column":15},"end":{"line":39,"column":47}},"15":{"start":{"line":41,"column":2},"end":{"line":69,"column":3}},"16":{"start":{"line":42,"column":4},"end":{"line":42,"column":27}},"17":{"start":{"line":44,"column":4},"end":{"line":44,"column":62}},"18":{"start":{"line":44,"column":31},"end":{"line":44,"column":60}},"19":{"start":{"line":47,"column":4},"end":{"line":56,"column":7}},"20":{"start":{"line":48,"column":6},"end":{"line":55,"column":7}},"21":{"start":{"line":50,"column":24},"end":{"line":50,"column":75}},"22":{"start":{"line":51,"column":19},"end":{"line":51,"column":76}},"23":{"start":{"line":52,"column":8},"end":{"line":52,"column":52}},"24":{"start":{"line":54,"column":8},"end":{"line":54,"column":53}},"25":{"start":{"line":58,"column":19},"end":{"line":60,"column":6}},"26":{"start":{"line":59,"column":6},"end":{"line":59,"column":66}},"27":{"start":{"line":62,"column":4},"end":{"line":62,"column":53}},"28":{"start":{"line":62,"column":32},"end":{"line":62,"column":51}},"29":{"start":{"line":63,"column":4},"end":{"line":63,"column":52}},"30":{"start":{"line":63,"column":31},"end":{"line":63,"column":50}},"31":{"start":{"line":65,"column":4},"end":{"line":65,"column":18}},"32":{"start":{"line":67,"column":4},"end":{"line":67,"column":63}},"33":{"start":{"line":68,"column":4},"end":{"line":68,"column":30}},"34":{"start":{"line":73,"column":0},"end":{"line":76,"column":3}},"35":{"start":{"line":74,"column":2},"end":{"line":74,"column":47}},"36":{"start":{"line":75,"column":2},"end":{"line":75,"column":18}}},"fnMap":{"0":{"name":"connectAdapter","decl":{"start":{"line":13,"column":15},"end":{"line":13,"column":29}},"loc":{"start":{"line":13,"column":32},"end":{"line":21,"column":1}},"line":13},"1":{"name":"gracefulShutdown","decl":{"start":{"line":23,"column":15},"end":{"line":23,"column":31}},"loc":{"start":{"line":23,"column":46},"end":{"line":33,"column":1}},"line":23},"2":{"name":"startServer","decl":{"start":{"line":38,"column":15},"end":{"line":38,"column":26}},"loc":{"start":{"line":38,"column":29},"end":{"line":70,"column":1}},"line":38},"3":{"name":"(anonymous_3)","decl":{"start":{"line":44,"column":17},"end":{"line":44,"column":18}},"loc":{"start":{"line":44,"column":31},"end":{"line":44,"column":60}},"line":44},"4":{"name":"(anonymous_4)","decl":{"start":{"line":47,"column":24},"end":{"line":47,"column":25}},"loc":{"start":{"line":47,"column":44},"end":{"line":56,"column":5}},"line":47},"5":{"name":"(anonymous_5)","decl":{"start":{"line":58,"column":36},"end":{"line":58,"column":37}},"loc":{"start":{"line":58,"column":42},"end":{"line":60,"column":5}},"line":58},"6":{"name":"(anonymous_6)","decl":{"start":{"line":62,"column":26},"end":{"line":62,"column":27}},"loc":{"start":{"line":62,"column":32},"end":{"line":62,"column":51}},"line":62},"7":{"name":"(anonymous_7)","decl":{"start":{"line":63,"column":25},"end":{"line":63,"column":26}},"loc":{"start":{"line":63,"column":31},"end":{"line":63,"column":50}},"line":63},"8":{"name":"(anonymous_8)","decl":{"start":{"line":73,"column":20},"end":{"line":73,"column":21}},"loc":{"start":{"line":73,"column":29},"end":{"line":76,"column":1}},"line":73}},"branchMap":{"0":{"loc":{"start":{"line":23,"column":32},"end":{"line":23,"column":44}},"type":"default-arg","locations":[{"start":{"line":23,"column":43},"end":{"line":23,"column":44}}],"line":23},"1":{"loc":{"start":{"line":29,"column":4},"end":{"line":31,"column":5}},"type":"if","locations":[{"start":{"line":29,"column":4},"end":{"line":31,"column":5}},{"start":{},"end":{}}],"line":29},"2":{"loc":{"start":{"line":39,"column":15},"end":{"line":39,"column":47}},"type":"binary-expr","locations":[{"start":{"line":39,"column":15},"end":{"line":39,"column":39}},{"start":{"line":39,"column":43},"end":{"line":39,"column":47}}],"line":39}},"s":{"0":1,"1":1,"2":1,"3":3,"4":3,"5":3,"6":0,"7":0,"8":0,"9":0,"10":0,"11":0,"12":0,"13":0,"14":2,"15":2,"16":2,"17":2,"18":0,"19":2,"20":0,"21":0,"22":0,"23":0,"24":0,"25":2,"26":0,"27":2,"28":0,"29":2,"30":0,"31":2,"32":0,"33":0,"34":1,"35":0,"36":0},"f":{"0":3,"1":0,"2":2,"3":0,"4":0,"5":0,"6":0,"7":0,"8":0},"b":{"0":[0],"1":[0,0],"2":[2,0]},"_coverageSchema":"1a1c01bbd47fc00a2c39e90264f33305004495a9","hash":"adb1d259c7adf0a938ad8c5738e68604b41e1b41"}
,"/Users/abdurahmanomoruyi/Documents/Practicum/finalsprint/NewsExplorerBackend/src/adapters/MongoDBAdapter.js": {"path":"/Users/abdurahmanomoruyi/Documents/Practicum/finalsprint/NewsExplorerBackend/src/adapters/MongoDBAdapter.js","statementMap":{"0":{"start":{"line":5,"column":12},"end":{"line":5,"column":16}},"1":{"start":{"line":6,"column":8},"end":{"line":6,"column":12}},"2":{"start":{"line":7,"column":12},"end":{"line":7,"column":16}},"3":{"start":{"line":14,"column":4},"end":{"line":14,"column":26}},"4":{"start":{"line":26,"column":4},"end":{"line":61,"column":5}},"5":{"start":{"line":28,"column":6},"end":{"line":30,"column":7}},"6":{"start":{"line":29,"column":8},"end":{"line":29,"column":37}},"7":{"start":{"line":32,"column":22},"end":{"line":37,"column":7}},"8":{"start":{"line":40,"column":6},"end":{"line":45,"column":7}},"9":{"start":{"line":41,"column":8},"end":{"line":44,"column":10}},"10":{"start":{"line":48,"column":6},"end":{"line":51,"column":7}},"11":{"start":{"line":50,"column":8},"end":{"line":50,"column":27}},"12":{"start":{"line":53,"column":6},"end":{"line":53,"column":71}},"13":{"start":{"line":54,"column":6},"end":{"line":54,"column":35}},"14":{"start":{"line":55,"column":6},"end":{"line":55,"column":48}},"15":{"start":{"line":56,"column":6},"end":{"line":56,"column":58}},"16":{"start":{"line":57,"column":6},"end":{"line":57,"column":18}},"17":{"start":{"line":59,"column":6},"end":{"line":59,"column":52}},"18":{"start":{"line":60,"column":6},"end":{"line":60,"column":18}},"19":{"start":{"line":65,"column":4},"end":{"line":75,"column":5}},"20":{"start":{"line":66,"column":6},"end":{"line":69,"column":7}},"21":{"start":{"line":67,"column":8},"end":{"line":67,"column":35}},"22":{"start":{"line":68,"column":8},"end":{"line":68,"column":47}},"23":{"start":{"line":71,"column":6},"end":{"line":71,"column":55}},"24":{"start":{"line":72,"column":6},"end":{"line":72,"column":18}},"25":{"start":{"line":74,"column":6},"end":{"line":74,"column":22}},"26":{"start":{"line":79,"column":4},"end":{"line":79,"column":29}},"27":{"start":{"line":80,"column":23},"end":{"line":80,"column":58}},"28":{"start":{"line":81,"column":19},"end":{"line":81,"column":51}},"29":{"start":{"line":82,"column":4},"end":{"line":82,"column":29}},"30":{"start":{"line":86,"column":4},"end":{"line":86,"column":29}},"31":{"start":{"line":87,"column":23},"end":{"line":87,"column":58}},"32":{"start":{"line":88,"column":4},"end":{"line":88,"column":53}},"33":{"start":{"line":92,"column":4},"end":{"line":92,"column":29}},"34":{"start":{"line":93,"column":23},"end":{"line":93,"column":58}},"35":{"start":{"line":94,"column":4},"end":{"line":94,"column":37}},"36":{"start":{"line":98,"column":4},"end":{"line":98,"column":29}},"37":{"start":{"line":99,"column":23},"end":{"line":99,"column":58}},"38":{"start":{"line":100,"column":19},"end":{"line":100,"column":72}},"39":{"start":{"line":101,"column":4},"end":{"line":101,"column":32}},"40":{"start":{"line":105,"column":4},"end":{"line":105,"column":29}},"41":{"start":{"line":106,"column":23},"end":{"line":106,"column":58}},"42":{"start":{"line":107,"column":19},"end":{"line":107,"column":53}},"43":{"start":{"line":108,"column":4},"end":{"line":108,"column":31}},"44":{"start":{"line":113,"column":4},"end":{"line":115,"column":5}},"45":{"start":{"line":114,"column":6},"end":{"line":114,"column":49}},"46":{"start":{"line":116,"column":4},"end":{"line":116,"column":47}},"47":{"start":{"line":120,"column":4},"end":{"line":122,"column":5}},"48":{"start":{"line":121,"column":6},"end":{"line":121,"column":71}},"49":{"start":{"line":126,"column":4},"end":{"line":130,"column":5}},"50":{"start":{"line":127,"column":6},"end":{"line":127,"column":55}},"51":{"start":{"line":129,"column":6},"end":{"line":129,"column":79}},"52":{"start":{"line":134,"column":4},"end":{"line":138,"column":5}},"53":{"start":{"line":135,"column":6},"end":{"line":135,"column":64}},"54":{"start":{"line":137,"column":6},"end":{"line":137,"column":97}},"55":{"start":{"line":143,"column":4},"end":{"line":143,"column":24}},"56":{"start":{"line":144,"column":4},"end":{"line":144,"column":20}}},"fnMap":{"0":{"name":"(anonymous_0)","decl":{"start":{"line":13,"column":2},"end":{"line":13,"column":3}},"loc":{"start":{"line":13,"column":20},"end":{"line":15,"column":3}},"line":13},"1":{"name":"(anonymous_1)","decl":{"start":{"line":25,"column":2},"end":{"line":25,"column":3}},"loc":{"start":{"line":25,"column":24},"end":{"line":62,"column":3}},"line":25},"2":{"name":"(anonymous_2)","decl":{"start":{"line":64,"column":2},"end":{"line":64,"column":3}},"loc":{"start":{"line":64,"column":21},"end":{"line":76,"column":3}},"line":64},"3":{"name":"(anonymous_3)","decl":{"start":{"line":78,"column":2},"end":{"line":78,"column":3}},"loc":{"start":{"line":78,"column":37},"end":{"line":83,"column":3}},"line":78},"4":{"name":"(anonymous_4)","decl":{"start":{"line":85,"column":2},"end":{"line":85,"column":3}},"loc":{"start":{"line":85,"column":55},"end":{"line":89,"column":3}},"line":85},"5":{"name":"(anonymous_5)","decl":{"start":{"line":91,"column":2},"end":{"line":91,"column":3}},"loc":{"start":{"line":91,"column":44},"end":{"line":95,"column":3}},"line":91},"6":{"name":"(anonymous_6)","decl":{"start":{"line":97,"column":2},"end":{"line":97,"column":3}},"loc":{"start":{"line":97,"column":47},"end":{"line":102,"column":3}},"line":97},"7":{"name":"(anonymous_7)","decl":{"start":{"line":104,"column":2},"end":{"line":104,"column":3}},"loc":{"start":{"line":104,"column":38},"end":{"line":109,"column":3}},"line":104}},"branchMap":{"0":{"loc":{"start":{"line":28,"column":6},"end":{"line":30,"column":7}},"type":"if","locations":[{"start":{"line":28,"column":6},"end":{"line":30,"column":7}},{"start":{},"end":{}}],"line":28},"1":{"loc":{"start":{"line":40,"column":6},"end":{"line":45,"column":7}},"type":"if","locations":[{"start":{"line":40,"column":6},"end":{"line":45,"column":7}},{"start":{},"end":{}}],"line":40},"2":{"loc":{"start":{"line":40,"column":10},"end":{"line":40,"column":44}},"type":"binary-expr","locations":[{"start":{"line":40,"column":10},"end":{"line":40,"column":25}},{"start":{"line":40,"column":29},"end":{"line":40,"column":44}}],"line":40},"3":{"loc":{"start":{"line":48,"column":6},"end":{"line":51,"column":7}},"type":"if","locations":[{"start":{"line":48,"column":6},"end":{"line":51,"column":7}},{"start":{},"end":{}}],"line":48},"4":{"loc":{"start":{"line":48,"column":10},"end":{"line":49,"column":56}},"type":"binary-expr","locations":[{"start":{"line":48,"column":10},"end":{"line":48,"column":56}},{"start":{"line":49,"column":10},"end":{"line":49,"column":56}}],"line":48},"5":{"loc":{"start":{"line":66,"column":6},"end":{"line":69,"column":7}},"type":"if","locations":[{"start":{"line":66,"column":6},"end":{"line":69,"column":7}},{"start":{},"end":{}}],"line":66},"6":{"loc":{"start":{"line":85,"column":29},"end":{"line":85,"column":39}},"type":"default-arg","locations":[{"start":{"line":85,"column":37},"end":{"line":85,"column":39}}],"line":85},"7":{"loc":{"start":{"line":85,"column":41},"end":{"line":85,"column":53}},"type":"default-arg","locations":[{"start":{"line":85,"column":51},"end":{"line":85,"column":53}}],"line":85},"8":{"loc":{"start":{"line":91,"column":32},"end":{"line":91,"column":42}},"type":"default-arg","locations":[{"start":{"line":91,"column":40},"end":{"line":91,"column":42}}],"line":91},"9":{"loc":{"start":{"line":113,"column":4},"end":{"line":115,"column":5}},"type":"if","locations":[{"start":{"line":113,"column":4},"end":{"line":115,"column":5}},{"start":{},"end":{}}],"line":113},"10":{"loc":{"start":{"line":113,"column":8},"end":{"line":113,"column":61}},"type":"binary-expr","locations":[{"start":{"line":113,"column":8},"end":{"line":113,"column":23}},{"start":{"line":113,"column":27},"end":{"line":113,"column":61}}],"line":113},"11":{"loc":{"start":{"line":120,"column":4},"end":{"line":122,"column":5}},"type":"if","locations":[{"start":{"line":120,"column":4},"end":{"line":122,"column":5}},{"start":{},"end":{}}],"line":120},"12":{"loc":{"start":{"line":126,"column":4},"end":{"line":130,"column":5}},"type":"if","locations":[{"start":{"line":126,"column":4},"end":{"line":130,"column":5}},{"start":{"line":128,"column":11},"end":{"line":130,"column":5}}],"line":126},"13":{"loc":{"start":{"line":134,"column":4},"end":{"line":138,"column":5}},"type":"if","locations":[{"start":{"line":134,"column":4},"end":{"line":138,"column":5}},{"start":{"line":136,"column":11},"end":{"line":138,"column":5}}],"line":134}},"s":{"0":0,"1":0,"2":0,"3":0,"4":0,"5":0,"6":0,"7":0,"8":0,"9":0,"10":0,"11":0,"12":0,"13":0,"14":0,"15":0,"16":0,"17":0,"18":0,"19":0,"20":0,"21":0,"22":0,"23":0,"24":0,"25":0,"26":0,"27":0,"28":0,"29":0,"30":0,"31":0,"32":0,"33":0,"34":0,"35":0,"36":0,"37":0,"38":0,"39":0,"40":0,"41":0,"42":0,"43":0,"44":0,"45":0,"46":0,"47":0,"48":0,"49":0,"50":0,"51":0,"52":0,"53":0,"54":0,"55":0,"56":0},"f":{"0":0,"1":0,"2":0,"3":0,"4":0,"5":0,"6":0,"7":0},"b":{"0":[0,0],"1":[0,0],"2":[0,0],"3":[0,0],"4":[0,0],"5":[0,0],"6":[0],"7":[0],"8":[0],"9":[0,0],"10":[0,0],"11":[0,0],"12":[0,0],"13":[0,0]},"_coverageSchema":"1a1c01bbd47fc00a2c39e90264f33305004495a9","hash":"e62e6d5406bd78ba176ba8ce7bdc41b4932355bb"}
,"/Users/abdurahmanomoruyi/Documents/Practicum/finalsprint/NewsExplorerBackend/src/config/corsConfig.js": {"path":"/Users/abdurahmanomoruyi/Documents/Practicum/finalsprint/NewsExplorerBackend/src/config/corsConfig.js","statementMap":{"0":{"start":{"line":2,"column":27},"end":{"line":2,"column":77}},"1":{"start":{"line":5,"column":26},"end":{"line":5,"column":66}},"2":{"start":{"line":8,"column":20},"end":{"line":32,"column":1}},"3":{"start":{"line":11,"column":4},"end":{"line":11,"column":45}},"4":{"start":{"line":11,"column":17},"end":{"line":11,"column":45}},"5":{"start":{"line":15,"column":6},"end":{"line":15,"column":84}},"6":{"start":{"line":18,"column":29},"end":{"line":18,"column":85}},"7":{"start":{"line":21,"column":4},"end":{"line":23,"column":5}},"8":{"start":{"line":22,"column":6},"end":{"line":22,"column":34}},"9":{"start":{"line":26,"column":4},"end":{"line":26,"column":64}}},"fnMap":{"0":{"name":"(anonymous_0)","decl":{"start":{"line":9,"column":10},"end":{"line":9,"column":11}},"loc":{"start":{"line":9,"column":32},"end":{"line":27,"column":3}},"line":9}},"branchMap":{"0":{"loc":{"start":{"line":11,"column":4},"end":{"line":11,"column":45}},"type":"if","locations":[{"start":{"line":11,"column":4},"end":{"line":11,"column":45}},{"start":{},"end":{}}],"line":11},"1":{"loc":{"start":{"line":15,"column":6},"end":{"line":15,"column":84}},"type":"cond-expr","locations":[{"start":{"line":15,"column":46},"end":{"line":15,"column":63}},{"start":{"line":15,"column":66},"end":{"line":15,"column":84}}],"line":15},"2":{"loc":{"start":{"line":21,"column":4},"end":{"line":23,"column":5}},"type":"if","locations":[{"start":{"line":21,"column":4},"end":{"line":23,"column":5}},{"start":{},"end":{}}],"line":21},"3":{"loc":{"start":{"line":21,"column":8},"end":{"line":21,"column":84}},"type":"binary-expr","locations":[{"start":{"line":21,"column":8},"end":{"line":21,"column":49}},{"start":{"line":21,"column":53},"end":{"line":21,"column":84}}],"line":21}},"s":{"0":1,"1":1,"2":1,"3":0,"4":0,"5":0,"6":0,"7":0,"8":0,"9":0},"f":{"0":0},"b":{"0":[0,0],"1":[0,0],"2":[0,0],"3":[0,0]},"_coverageSchema":"1a1c01bbd47fc00a2c39e90264f33305004495a9","hash":"b203d233567a6f2b78d3eaba20c2ad5bbe39621e"}
,"/Users/abdurahmanomoruyi/Documents/Practicum/finalsprint/NewsExplorerBackend/src/config/db.js": {"path":"/Users/abdurahmanomoruyi/Documents/Practicum/finalsprint/NewsExplorerBackend/src/config/db.js","statementMap":{"0":{"start":{"line":5,"column":18},"end":{"line":21,"column":1}},"1":{"start":{"line":7,"column":2},"end":{"line":9,"column":5}},"2":{"start":{"line":12,"column":18},"end":{"line":12,"column":38}},"3":{"start":{"line":13,"column":2},"end":{"line":18,"column":5}},"4":{"start":{"line":20,"column":2},"end":{"line":20,"column":31}}},"fnMap":{"0":{"name":"(anonymous_0)","decl":{"start":{"line":5,"column":18},"end":{"line":5,"column":19}},"loc":{"start":{"line":5,"column":30},"end":{"line":21,"column":1}},"line":5}},"branchMap":{},"s":{"0":1,"1":3,"2":3,"3":3,"4":3},"f":{"0":3},"b":{},"_coverageSchema":"1a1c01bbd47fc00a2c39e90264f33305004495a9","hash":"fee246adfb16ea157e850e04774b2a7600264bfb"}
,"/Users/abdurahmanomoruyi/Documents/Practicum/finalsprint/NewsExplorerBackend/src/config/redisConfig.js": {"path":"/Users/abdurahmanomoruyi/Documents/Practicum/finalsprint/NewsExplorerBackend/src/config/redisConfig.js","statementMap":{"0":{"start":{"line":11,"column":2},"end":{"line":25,"column":3}},"1":{"start":{"line":12,"column":36},"end":{"line":12,"column":65}},"2":{"start":{"line":14,"column":4},"end":{"line":16,"column":5}},"3":{"start":{"line":15,"column":6},"end":{"line":15,"column":56}},"4":{"start":{"line":18,"column":4},"end":{"line":18,"column":22}},"5":{"start":{"line":20,"column":4},"end":{"line":24,"column":23}},"6":{"start":{"line":32,"column":17},"end":{"line":32,"column":46}},"7":{"start":{"line":35,"column":2},"end":{"line":38,"column":3}},"8":{"start":{"line":36,"column":4},"end":{"line":36,"column":63}},"9":{"start":{"line":37,"column":4},"end":{"line":37,"column":37}},"10":{"start":{"line":40,"column":2},"end":{"line":77,"column":3}},"11":{"start":{"line":42,"column":4},"end":{"line":42,"column":70}},"12":{"start":{"line":45,"column":24},"end":{"line":50,"column":6}},"13":{"start":{"line":48,"column":40},"end":{"line":48,"column":69}},"14":{"start":{"line":53,"column":4},"end":{"line":55,"column":6}},"15":{"start":{"line":54,"column":6},"end":{"line":54,"column":56}},"16":{"start":{"line":57,"column":4},"end":{"line":57,"column":32}},"17":{"start":{"line":60,"column":4},"end":{"line":65,"column":7}},"18":{"start":{"line":67,"column":4},"end":{"line":67,"column":60}},"19":{"start":{"line":70,"column":4},"end":{"line":72,"column":5}},"20":{"start":{"line":71,"column":6},"end":{"line":71,"column":51}},"21":{"start":{"line":75,"column":4},"end":{"line":75,"column":47}},"22":{"start":{"line":76,"column":4},"end":{"line":76,"column":37}}},"fnMap":{"0":{"name":"initializeRedisStore","decl":{"start":{"line":10,"column":15},"end":{"line":10,"column":35}},"loc":{"start":{"line":10,"column":38},"end":{"line":26,"column":1}},"line":10},"1":{"name":"setupRedisStore","decl":{"start":{"line":31,"column":30},"end":{"line":31,"column":45}},"loc":{"start":{"line":31,"column":51},"end":{"line":78,"column":1}},"line":31},"2":{"name":"(anonymous_2)","decl":{"start":{"line":48,"column":27},"end":{"line":48,"column":28}},"loc":{"start":{"line":48,"column":40},"end":{"line":48,"column":69}},"line":48},"3":{"name":"(anonymous_3)","decl":{"start":{"line":53,"column":28},"end":{"line":53,"column":29}},"loc":{"start":{"line":54,"column":6},"end":{"line":54,"column":56}},"line":54}},"branchMap":{"0":{"loc":{"start":{"line":14,"column":4},"end":{"line":16,"column":5}},"type":"if","locations":[{"start":{"line":14,"column":4},"end":{"line":16,"column":5}},{"start":{},"end":{}}],"line":14},"1":{"loc":{"start":{"line":32,"column":17},"end":{"line":32,"column":46}},"type":"binary-expr","locations":[{"start":{"line":32,"column":17},"end":{"line":32,"column":35}},{"start":{"line":32,"column":39},"end":{"line":32,"column":46}}],"line":32},"2":{"loc":{"start":{"line":35,"column":2},"end":{"line":38,"column":3}},"type":"if","locations":[{"start":{"line":35,"column":2},"end":{"line":38,"column":3}},{"start":{},"end":{}}],"line":35},"3":{"loc":{"start":{"line":42,"column":22},"end":{"line":42,"column":69}},"type":"binary-expr","locations":[{"start":{"line":42,"column":22},"end":{"line":42,"column":37}},{"start":{"line":42,"column":41},"end":{"line":42,"column":69}}],"line":42},"4":{"loc":{"start":{"line":46,"column":11},"end":{"line":46,"column":60}},"type":"binary-expr","locations":[{"start":{"line":46,"column":11},"end":{"line":46,"column":32}},{"start":{"line":46,"column":36},"end":{"line":46,"column":60}}],"line":46},"5":{"loc":{"start":{"line":63,"column":11},"end":{"line":63,"column":51}},"type":"binary-expr","locations":[{"start":{"line":63,"column":11},"end":{"line":63,"column":42}},{"start":{"line":63,"column":46},"end":{"line":63,"column":51}}],"line":63},"6":{"loc":{"start":{"line":70,"column":4},"end":{"line":72,"column":5}},"type":"if","locations":[{"start":{"line":70,"column":4},"end":{"line":72,"column":5}},{"start":{},"end":{}}],"line":70}},"s":{"0":0,"1":0,"2":0,"3":0,"4":0,"5":0,"6":1,"7":1,"8":1,"9":1,"10":0,"11":0,"12":0,"13":0,"14":0,"15":0,"16":0,"17":0,"18":0,"19":0,"20":0,"21":0,"22":0},"f":{"0":0,"1":1,"2":0,"3":0},"b":{"0":[0,0],"1":[1,0],"2":[1,0],"3":[0,0],"4":[0,0],"5":[0,0],"6":[0,0]},"_coverageSchema":"1a1c01bbd47fc00a2c39e90264f33305004495a9","hash":"fbf749c8d39021b08f74df5e06b2506c50833e18"}
,"/Users/abdurahmanomoruyi/Documents/Practicum/finalsprint/NewsExplorerBackend/src/config/securityConfig.js": {"path":"/Users/abdurahmanomoruyi/Documents/Practicum/finalsprint/NewsExplorerBackend/src/config/securityConfig.js","statementMap":{"0":{"start":{"line":11,"column":33},"end":{"line":18,"column":1}},"1":{"start":{"line":12,"column":2},"end":{"line":17,"column":4}},"2":{"start":{"line":21,"column":28},"end":{"line":68,"column":1}},"3":{"start":{"line":22,"column":16},"end":{"line":22,"column":54}},"4":{"start":{"line":23,"column":2},"end":{"line":23,"column":30}},"5":{"start":{"line":25,"column":2},"end":{"line":67,"column":4}},"6":{"start":{"line":71,"column":35},"end":{"line":95,"column":1}},"7":{"start":{"line":72,"column":17},"end":{"line":87,"column":3}},"8":{"start":{"line":86,"column":17},"end":{"line":86,"column":87}},"9":{"start":{"line":90,"column":2},"end":{"line":92,"column":3}},"10":{"start":{"line":91,"column":4},"end":{"line":91,"column":85}},"11":{"start":{"line":94,"column":2},"end":{"line":94,"column":16}},"12":{"start":{"line":98,"column":28},"end":{"line":102,"column":1}},"13":{"start":{"line":104,"column":31},"end":{"line":112,"column":1}},"14":{"start":{"line":107,"column":25},"end":{"line":107,"column":31}},"15":{"start":{"line":109,"column":4},"end":{"line":109,"column":73}},"16":{"start":{"line":110,"column":4},"end":{"line":110,"column":46}},"17":{"start":{"line":114,"column":32},"end":{"line":117,"column":1}}},"fnMap":{"0":{"name":"(anonymous_0)","decl":{"start":{"line":11,"column":33},"end":{"line":11,"column":34}},"loc":{"start":{"line":11,"column":39},"end":{"line":18,"column":1}},"line":11},"1":{"name":"(anonymous_1)","decl":{"start":{"line":21,"column":28},"end":{"line":21,"column":29}},"loc":{"start":{"line":21,"column":42},"end":{"line":68,"column":1}},"line":21},"2":{"name":"(anonymous_2)","decl":{"start":{"line":71,"column":35},"end":{"line":71,"column":36}},"loc":{"start":{"line":71,"column":46},"end":{"line":95,"column":1}},"line":71},"3":{"name":"(anonymous_3)","decl":{"start":{"line":86,"column":11},"end":{"line":86,"column":12}},"loc":{"start":{"line":86,"column":17},"end":{"line":86,"column":87}},"line":86},"4":{"name":"(anonymous_4)","decl":{"start":{"line":107,"column":16},"end":{"line":107,"column":17}},"loc":{"start":{"line":107,"column":25},"end":{"line":107,"column":31}},"line":107},"5":{"name":"(anonymous_5)","decl":{"start":{"line":108,"column":11},"end":{"line":108,"column":12}},"loc":{"start":{"line":108,"column":25},"end":{"line":111,"column":3}},"line":108}},"branchMap":{"0":{"loc":{"start":{"line":13,"column":4},"end":{"line":16,"column":61}},"type":"binary-expr","locations":[{"start":{"line":13,"column":4},"end":{"line":13,"column":42}},{"start":{"line":14,"column":4},"end":{"line":14,"column":35}},{"start":{"line":15,"column":4},"end":{"line":15,"column":19}},{"start":{"line":16,"column":4},"end":{"line":16,"column":61}}],"line":13},"1":{"loc":{"start":{"line":33,"column":12},"end":{"line":33,"column":56}},"type":"cond-expr","locations":[{"start":{"line":33,"column":34},"end":{"line":33,"column":51}},{"start":{"line":33,"column":54},"end":{"line":33,"column":56}}],"line":33},"2":{"loc":{"start":{"line":43,"column":12},"end":{"line":43,"column":59}},"type":"cond-expr","locations":[{"start":{"line":43,"column":34},"end":{"line":43,"column":54}},{"start":{"line":43,"column":57},"end":{"line":43,"column":59}}],"line":43},"3":{"loc":{"start":{"line":56,"column":31},"end":{"line":56,"column":80}},"type":"cond-expr","locations":[{"start":{"line":56,"column":71},"end":{"line":56,"column":73}},{"start":{"line":56,"column":76},"end":{"line":56,"column":80}}],"line":56},"4":{"loc":{"start":{"line":73,"column":12},"end":{"line":73,"column":85}},"type":"binary-expr","locations":[{"start":{"line":73,"column":12},"end":{"line":73,"column":38}},{"start":{"line":73,"column":43},"end":{"line":73,"column":84}}],"line":73},"5":{"loc":{"start":{"line":73,"column":43},"end":{"line":73,"column":84}},"type":"cond-expr","locations":[{"start":{"line":73,"column":65},"end":{"line":73,"column":77}},{"start":{"line":73,"column":80},"end":{"line":73,"column":84}}],"line":73},"6":{"loc":{"start":{"line":76,"column":11},"end":{"line":76,"column":29}},"type":"binary-expr","locations":[{"start":{"line":76,"column":11},"end":{"line":76,"column":16}},{"start":{"line":76,"column":20},"end":{"line":76,"column":29}}],"line":76},"7":{"loc":{"start":{"line":81,"column":15},"end":{"line":81,"column":47}},"type":"binary-expr","locations":[{"start":{"line":81,"column":15},"end":{"line":81,"column":38}},{"start":{"line":81,"column":42},"end":{"line":81,"column":47}}],"line":81},"8":{"loc":{"start":{"line":90,"column":2},"end":{"line":92,"column":3}},"type":"if","locations":[{"start":{"line":90,"column":2},"end":{"line":92,"column":3}},{"start":{},"end":{}}],"line":90},"9":{"loc":{"start":{"line":90,"column":6},"end":{"line":90,"column":61}},"type":"binary-expr","locations":[{"start":{"line":90,"column":6},"end":{"line":90,"column":20}},{"start":{"line":90,"column":24},"end":{"line":90,"column":61}}],"line":90}},"s":{"0":1,"1":0,"2":1,"3":0,"4":0,"5":0,"6":1,"7":0,"8":0,"9":0,"10":0,"11":0,"12":1,"13":1,"14":0,"15":0,"16":0,"17":1},"f":{"0":0,"1":0,"2":0,"3":0,"4":0,"5":0},"b":{"0":[0,0,0,0],"1":[0,0],"2":[0,0],"3":[0,0],"4":[0,0],"5":[0,0],"6":[0,0],"7":[0,0],"8":[0,0],"9":[0,0]},"_coverageSchema":"1a1c01bbd47fc00a2c39e90264f33305004495a9","hash":"11ca6a396d5e8db641e75fcf9f07602d6ad86493"}
,"/Users/abdurahmanomoruyi/Documents/Practicum/finalsprint/NewsExplorerBackend/src/controllers/baseController.js": {"path":"/Users/abdurahmanomoruyi/Documents/Practicum/finalsprint/NewsExplorerBackend/src/controllers/baseController.js","statementMap":{"0":{"start":{"line":25,"column":8},"end":{"line":29,"column":11}},"1":{"start":{"line":48,"column":8},"end":{"line":52,"column":11}},"2":{"start":{"line":65,"column":30},"end":{"line":65,"column":76}},"3":{"start":{"line":65,"column":63},"end":{"line":65,"column":75}},"4":{"start":{"line":66,"column":8},"end":{"line":70,"column":9}},"5":{"start":{"line":67,"column":24},"end":{"line":67,"column":89}},"6":{"start":{"line":68,"column":12},"end":{"line":68,"column":33}},"7":{"start":{"line":69,"column":12},"end":{"line":69,"column":22}},"8":{"start":{"line":82,"column":8},"end":{"line":86,"column":9}},"9":{"start":{"line":83,"column":24},"end":{"line":83,"column":57}},"10":{"start":{"line":84,"column":12},"end":{"line":84,"column":33}},"11":{"start":{"line":85,"column":12},"end":{"line":85,"column":23}},"12":{"start":{"line":87,"column":8},"end":{"line":87,"column":21}},"13":{"start":{"line":99,"column":8},"end":{"line":103,"column":9}},"14":{"start":{"line":100,"column":24},"end":{"line":100,"column":53}},"15":{"start":{"line":101,"column":12},"end":{"line":101,"column":33}},"16":{"start":{"line":102,"column":12},"end":{"line":102,"column":23}},"17":{"start":{"line":104,"column":8},"end":{"line":104,"column":21}}},"fnMap":{"0":{"name":"(anonymous_0)","decl":{"start":{"line":24,"column":4},"end":{"line":24,"column":5}},"loc":{"start":{"line":24,"column":84},"end":{"line":30,"column":5}},"line":24},"1":{"name":"(anonymous_1)","decl":{"start":{"line":47,"column":4},"end":{"line":47,"column":5}},"loc":{"start":{"line":47,"column":81},"end":{"line":53,"column":5}},"line":47},"2":{"name":"(anonymous_2)","decl":{"start":{"line":64,"column":4},"end":{"line":64,"column":5}},"loc":{"start":{"line":64,"column":48},"end":{"line":71,"column":5}},"line":64},"3":{"name":"(anonymous_3)","decl":{"start":{"line":65,"column":52},"end":{"line":65,"column":53}},"loc":{"start":{"line":65,"column":63},"end":{"line":65,"column":75}},"line":65},"4":{"name":"(anonymous_4)","decl":{"start":{"line":81,"column":4},"end":{"line":81,"column":5}},"loc":{"start":{"line":81,"column":42},"end":{"line":88,"column":5}},"line":81},"5":{"name":"(anonymous_5)","decl":{"start":{"line":98,"column":4},"end":{"line":98,"column":5}},"loc":{"start":{"line":98,"column":38},"end":{"line":105,"column":5}},"line":98}},"branchMap":{"0":{"loc":{"start":{"line":24,"column":30},"end":{"line":24,"column":41}},"type":"default-arg","locations":[{"start":{"line":24,"column":37},"end":{"line":24,"column":41}}],"line":24},"1":{"loc":{"start":{"line":24,"column":43},"end":{"line":24,"column":62}},"type":"default-arg","locations":[{"start":{"line":24,"column":53},"end":{"line":24,"column":62}}],"line":24},"2":{"loc":{"start":{"line":24,"column":64},"end":{"line":24,"column":80}},"type":"default-arg","locations":[{"start":{"line":24,"column":77},"end":{"line":24,"column":80}}],"line":24},"3":{"loc":{"start":{"line":47,"column":28},"end":{"line":47,"column":45}},"type":"default-arg","locations":[{"start":{"line":47,"column":38},"end":{"line":47,"column":45}}],"line":47},"4":{"loc":{"start":{"line":47,"column":47},"end":{"line":47,"column":63}},"type":"default-arg","locations":[{"start":{"line":47,"column":60},"end":{"line":47,"column":63}}],"line":47},"5":{"loc":{"start":{"line":47,"column":65},"end":{"line":47,"column":77}},"type":"default-arg","locations":[{"start":{"line":47,"column":73},"end":{"line":47,"column":77}}],"line":47},"6":{"loc":{"start":{"line":51,"column":19},"end":{"line":51,"column":41}},"type":"binary-expr","locations":[{"start":{"line":51,"column":19},"end":{"line":51,"column":33}},{"start":{"line":51,"column":37},"end":{"line":51,"column":41}}],"line":51},"7":{"loc":{"start":{"line":66,"column":8},"end":{"line":70,"column":9}},"type":"if","locations":[{"start":{"line":66,"column":8},"end":{"line":70,"column":9}},{"start":{},"end":{}}],"line":66},"8":{"loc":{"start":{"line":82,"column":8},"end":{"line":86,"column":9}},"type":"if","locations":[{"start":{"line":82,"column":8},"end":{"line":86,"column":9}},{"start":{},"end":{}}],"line":82},"9":{"loc":{"start":{"line":82,"column":12},"end":{"line":82,"column":59}},"type":"binary-expr","locations":[{"start":{"line":82,"column":12},"end":{"line":82,"column":32}},{"start":{"line":82,"column":36},"end":{"line":82,"column":59}}],"line":82},"10":{"loc":{"start":{"line":99,"column":8},"end":{"line":103,"column":9}},"type":"if","locations":[{"start":{"line":99,"column":8},"end":{"line":103,"column":9}},{"start":{},"end":{}}],"line":99},"11":{"loc":{"start":{"line":99,"column":12},"end":{"line":99,"column":66}},"type":"binary-expr","locations":[{"start":{"line":99,"column":12},"end":{"line":99,"column":45}},{"start":{"line":99,"column":49},"end":{"line":99,"column":66}}],"line":99}},"s":{"0":0,"1":0,"2":0,"3":0,"4":0,"5":0,"6":0,"7":0,"8":0,"9":0,"10":0,"11":0,"12":0,"13":0,"14":0,"15":0,"16":0,"17":0},"f":{"0":0,"1":0,"2":0,"3":0,"4":0,"5":0},"b":{"0":[0],"1":[0],"2":[0],"3":[0],"4":[0],"5":[0],"6":[0,0],"7":[0,0],"8":[0,0],"9":[0,0],"10":[0,0],"11":[0,0]},"_coverageSchema":"1a1c01bbd47fc00a2c39e90264f33305004495a9","hash":"8bf76d9cc03a03bb2f887db0df168c9137ca7548"}
,"/Users/abdurahmanomoruyi/Documents/Practicum/finalsprint/NewsExplorerBackend/src/controllers/usersController.js": {"path":"/Users/abdurahmanomoruyi/Documents/Practicum/finalsprint/NewsExplorerBackend/src/controllers/usersController.js","statementMap":{"0":{"start":{"line":16,"column":17},"end":{"line":16,"column":57}},"1":{"start":{"line":36,"column":8},"end":{"line":57,"column":9}},"2":{"start":{"line":38,"column":12},"end":{"line":38,"column":83}},"3":{"start":{"line":41,"column":25},"end":{"line":41,"column":60}},"4":{"start":{"line":44,"column":40},"end":{"line":44,"column":55}},"5":{"start":{"line":45,"column":12},"end":{"line":45,"column":48}},"6":{"start":{"line":48,"column":12},"end":{"line":52,"column":15}},"7":{"start":{"line":56,"column":12},"end":{"line":56,"column":64}},"8":{"start":{"line":71,"column":8},"end":{"line":114,"column":9}},"9":{"start":{"line":73,"column":12},"end":{"line":73,"column":75}},"10":{"start":{"line":81,"column":33},"end":{"line":82,"column":40}},"11":{"start":{"line":85,"column":12},"end":{"line":90,"column":13}},"12":{"start":{"line":86,"column":16},"end":{"line":89,"column":19}},"13":{"start":{"line":93,"column":12},"end":{"line":93,"column":47}},"14":{"start":{"line":94,"column":12},"end":{"line":94,"column":66}},"15":{"start":{"line":97,"column":26},"end":{"line":97,"column":57}},"16":{"start":{"line":100,"column":40},"end":{"line":100,"column":62}},"17":{"start":{"line":101,"column":12},"end":{"line":101,"column":48}},"18":{"start":{"line":104,"column":12},"end":{"line":110,"column":15}},"19":{"start":{"line":113,"column":12},"end":{"line":113,"column":24}},"20":{"start":{"line":129,"column":8},"end":{"line":157,"column":9}},"21":{"start":{"line":131,"column":12},"end":{"line":131,"column":68}},"22":{"start":{"line":134,"column":32},"end":{"line":141,"column":13}},"23":{"start":{"line":144,"column":12},"end":{"line":149,"column":13}},"24":{"start":{"line":145,"column":16},"end":{"line":148,"column":19}},"25":{"start":{"line":152,"column":12},"end":{"line":152,"column":67}},"26":{"start":{"line":156,"column":12},"end":{"line":156,"column":60}},"27":{"start":{"line":171,"column":8},"end":{"line":195,"column":9}},"28":{"start":{"line":173,"column":12},"end":{"line":173,"column":61}},"29":{"start":{"line":176,"column":25},"end":{"line":179,"column":13}},"30":{"start":{"line":182,"column":12},"end":{"line":187,"column":13}},"31":{"start":{"line":183,"column":16},"end":{"line":186,"column":19}},"32":{"start":{"line":190,"column":12},"end":{"line":190,"column":60}},"33":{"start":{"line":194,"column":12},"end":{"line":194,"column":24}}},"fnMap":{"0":{"name":"(anonymous_0)","decl":{"start":{"line":35,"column":4},"end":{"line":35,"column":5}},"loc":{"start":{"line":35,"column":42},"end":{"line":58,"column":5}},"line":35},"1":{"name":"(anonymous_1)","decl":{"start":{"line":70,"column":4},"end":{"line":70,"column":5}},"loc":{"start":{"line":70,"column":39},"end":{"line":115,"column":5}},"line":70},"2":{"name":"(anonymous_2)","decl":{"start":{"line":128,"column":4},"end":{"line":128,"column":5}},"loc":{"start":{"line":128,"column":40},"end":{"line":158,"column":5}},"line":128},"3":{"name":"(anonymous_3)","decl":{"start":{"line":170,"column":4},"end":{"line":170,"column":5}},"loc":{"start":{"line":170,"column":40},"end":{"line":196,"column":5}},"line":170}},"branchMap":{"0":{"loc":{"start":{"line":85,"column":12},"end":{"line":90,"column":13}},"type":"if","locations":[{"start":{"line":85,"column":12},"end":{"line":90,"column":13}},{"start":{},"end":{}}],"line":85},"1":{"loc":{"start":{"line":85,"column":16},"end":{"line":85,"column":87}},"type":"binary-expr","locations":[{"start":{"line":85,"column":16},"end":{"line":85,"column":28}},{"start":{"line":85,"column":32},"end":{"line":85,"column":87}}],"line":85},"2":{"loc":{"start":{"line":144,"column":12},"end":{"line":149,"column":13}},"type":"if","locations":[{"start":{"line":144,"column":12},"end":{"line":149,"column":13}},{"start":{},"end":{}}],"line":144},"3":{"loc":{"start":{"line":182,"column":12},"end":{"line":187,"column":13}},"type":"if","locations":[{"start":{"line":182,"column":12},"end":{"line":187,"column":13}},{"start":{},"end":{}}],"line":182}},"s":{"0":1,"1":0,"2":0,"3":0,"4":0,"5":0,"6":0,"7":0,"8":0,"9":0,"10":0,"11":0,"12":0,"13":0,"14":0,"15":0,"16":0,"17":0,"18":0,"19":0,"20":0,"21":0,"22":0,"23":0,"24":0,"25":0,"26":0,"27":0,"28":0,"29":0,"30":0,"31":0,"32":0,"33":0},"f":{"0":0,"1":0,"2":0,"3":0},"b":{"0":[0,0],"1":[0,0],"2":[0,0],"3":[0,0]},"_coverageSchema":"1a1c01bbd47fc00a2c39e90264f33305004495a9","hash":"15adcb4fdce45a594def12ed7ba6a508ebf59c1e"}
,"/Users/abdurahmanomoruyi/Documents/Practicum/finalsprint/NewsExplorerBackend/src/middlewares/errorHandler.js": {"path":"/Users/abdurahmanomoruyi/Documents/Practicum/finalsprint/NewsExplorerBackend/src/middlewares/errorHandler.js","statementMap":{"0":{"start":{"line":4,"column":21},"end":{"line":43,"column":1}},"1":{"start":{"line":6,"column":2},"end":{"line":12,"column":3}},"2":{"start":{"line":7,"column":4},"end":{"line":11,"column":6}},"3":{"start":{"line":15,"column":2},"end":{"line":24,"column":5}},"4":{"start":{"line":27,"column":2},"end":{"line":35,"column":3}},"5":{"start":{"line":28,"column":4},"end":{"line":34,"column":7}},"6":{"start":{"line":38,"column":2},"end":{"line":42,"column":5}}},"fnMap":{"0":{"name":"(anonymous_0)","decl":{"start":{"line":4,"column":21},"end":{"line":4,"column":22}},"loc":{"start":{"line":4,"column":46},"end":{"line":43,"column":1}},"line":4}},"branchMap":{"0":{"loc":{"start":{"line":6,"column":2},"end":{"line":12,"column":3}},"type":"if","locations":[{"start":{"line":6,"column":2},"end":{"line":12,"column":3}},{"start":{},"end":{}}],"line":6},"1":{"loc":{"start":{"line":8,"column":6},"end":{"line":8,"column":43}},"type":"binary-expr","locations":[{"start":{"line":8,"column":6},"end":{"line":8,"column":17}},{"start":{"line":8,"column":21},"end":{"line":8,"column":43}}],"line":8},"2":{"loc":{"start":{"line":9,"column":6},"end":{"line":9,"column":27}},"type":"binary-expr","locations":[{"start":{"line":9,"column":6},"end":{"line":9,"column":20}},{"start":{"line":9,"column":24},"end":{"line":9,"column":27}}],"line":9},"3":{"loc":{"start":{"line":10,"column":6},"end":{"line":10,"column":23}},"type":"binary-expr","locations":[{"start":{"line":10,"column":6},"end":{"line":10,"column":17}},{"start":{"line":10,"column":21},"end":{"line":10,"column":23}}],"line":10},"4":{"loc":{"start":{"line":27,"column":2},"end":{"line":35,"column":3}},"type":"if","locations":[{"start":{"line":27,"column":2},"end":{"line":35,"column":3}},{"start":{},"end":{}}],"line":27},"5":{"loc":{"start":{"line":41,"column":8},"end":{"line":41,"column":47}},"type":"binary-expr","locations":[{"start":{"line":41,"column":8},"end":{"line":41,"column":19}},{"start":{"line":41,"column":23},"end":{"line":41,"column":47}}],"line":41}},"s":{"0":1,"1":0,"2":0,"3":0,"4":0,"5":0,"6":0},"f":{"0":0},"b":{"0":[0,0],"1":[0,0],"2":[0,0],"3":[0,0],"4":[0,0],"5":[0,0]},"_coverageSchema":"1a1c01bbd47fc00a2c39e90264f33305004495a9","hash":"33f2a811d8caba33caa864aaa8dec22350112160"}
,"/Users/abdurahmanomoruyi/Documents/Practicum/finalsprint/NewsExplorerBackend/src/middlewares/sanitizeMiddleware.js": {"path":"/Users/abdurahmanomoruyi/Documents/Practicum/finalsprint/NewsExplorerBackend/src/middlewares/sanitizeMiddleware.js","statementMap":{"0":{"start":{"line":5,"column":26},"end":{"line":5,"column":76}},"1":{"start":{"line":8,"column":4},"end":{"line":8,"column":84}},"2":{"start":{"line":12,"column":4},"end":{"line":12,"column":48}},"3":{"start":{"line":12,"column":41},"end":{"line":12,"column":48}},"4":{"start":{"line":14,"column":4},"end":{"line":18,"column":5}},"5":{"start":{"line":15,"column":6},"end":{"line":15,"column":50}},"6":{"start":{"line":16,"column":6},"end":{"line":16,"column":34}},"7":{"start":{"line":17,"column":6},"end":{"line":17,"column":13}},"8":{"start":{"line":20,"column":4},"end":{"line":38,"column":7}},"9":{"start":{"line":21,"column":26},"end":{"line":21,"column":55}},"10":{"start":{"line":23,"column":6},"end":{"line":27,"column":7}},"11":{"start":{"line":24,"column":8},"end":{"line":24,"column":53}},"12":{"start":{"line":25,"column":8},"end":{"line":25,"column":24}},"13":{"start":{"line":26,"column":8},"end":{"line":26,"column":15}},"14":{"start":{"line":29,"column":6},"end":{"line":31,"column":7}},"15":{"start":{"line":30,"column":8},"end":{"line":30,"column":57}},"16":{"start":{"line":33,"column":6},"end":{"line":37,"column":7}},"17":{"start":{"line":34,"column":8},"end":{"line":36,"column":11}},"18":{"start":{"line":35,"column":10},"end":{"line":35,"column":70}},"19":{"start":{"line":42,"column":4},"end":{"line":42,"column":37}},"20":{"start":{"line":43,"column":4},"end":{"line":43,"column":27}},"21":{"start":{"line":45,"column":4},"end":{"line":47,"column":5}},"22":{"start":{"line":45,"column":49},"end":{"line":45,"column":57}},"23":{"start":{"line":46,"column":6},"end":{"line":46,"column":57}},"24":{"start":{"line":46,"column":40},"end":{"line":46,"column":55}},"25":{"start":{"line":51,"column":4},"end":{"line":65,"column":7}},"26":{"start":{"line":69,"column":4},"end":{"line":82,"column":7}},"27":{"start":{"line":86,"column":4},"end":{"line":100,"column":6}},"28":{"start":{"line":87,"column":6},"end":{"line":98,"column":9}},"29":{"start":{"line":88,"column":8},"end":{"line":97,"column":9}},"30":{"start":{"line":89,"column":10},"end":{"line":95,"column":13}},"31":{"start":{"line":96,"column":10},"end":{"line":96,"column":53}},"32":{"start":{"line":99,"column":6},"end":{"line":99,"column":13}}},"fnMap":{"0":{"name":"(anonymous_0)","decl":{"start":{"line":20,"column":29},"end":{"line":20,"column":30}},"loc":{"start":{"line":20,"column":38},"end":{"line":38,"column":5}},"line":20},"1":{"name":"(anonymous_1)","decl":{"start":{"line":34,"column":25},"end":{"line":34,"column":26}},"loc":{"start":{"line":34,"column":42},"end":{"line":36,"column":9}},"line":34},"2":{"name":"(anonymous_2)","decl":{"start":{"line":45,"column":42},"end":{"line":45,"column":43}},"loc":{"start":{"line":45,"column":49},"end":{"line":45,"column":57}},"line":45},"3":{"name":"(anonymous_3)","decl":{"start":{"line":46,"column":31},"end":{"line":46,"column":32}},"loc":{"start":{"line":46,"column":40},"end":{"line":46,"column":55}},"line":46},"4":{"name":"(anonymous_4)","decl":{"start":{"line":85,"column":2},"end":{"line":85,"column":3}},"loc":{"start":{"line":85,"column":22},"end":{"line":101,"column":3}},"line":85},"5":{"name":"(anonymous_5)","decl":{"start":{"line":86,"column":11},"end":{"line":86,"column":12}},"loc":{"start":{"line":86,"column":29},"end":{"line":100,"column":5}},"line":86},"6":{"name":"(anonymous_6)","decl":{"start":{"line":87,"column":42},"end":{"line":87,"column":43}},"loc":{"start":{"line":87,"column":52},"end":{"line":98,"column":7}},"line":87}},"branchMap":{"0":{"loc":{"start":{"line":8,"column":11},"end":{"line":8,"column":83}},"type":"binary-expr","locations":[{"start":{"line":8,"column":11},"end":{"line":8,"column":30}},{"start":{"line":8,"column":34},"end":{"line":8,"column":51}},{"start":{"line":8,"column":55},"end":{"line":8,"column":83}}],"line":8},"1":{"loc":{"start":{"line":11,"column":30},"end":{"line":11,"column":39}},"type":"default-arg","locations":[{"start":{"line":11,"column":37},"end":{"line":11,"column":39}}],"line":11},"2":{"loc":{"start":{"line":12,"column":4},"end":{"line":12,"column":48}},"type":"if","locations":[{"start":{"line":12,"column":4},"end":{"line":12,"column":48}},{"start":{},"end":{}}],"line":12},"3":{"loc":{"start":{"line":12,"column":8},"end":{"line":12,"column":39}},"type":"binary-expr","locations":[{"start":{"line":12,"column":8},"end":{"line":12,"column":12}},{"start":{"line":12,"column":16},"end":{"line":12,"column":39}}],"line":12},"4":{"loc":{"start":{"line":14,"column":4},"end":{"line":18,"column":5}},"type":"if","locations":[{"start":{"line":14,"column":4},"end":{"line":18,"column":5}},{"start":{},"end":{}}],"line":14},"5":{"loc":{"start":{"line":21,"column":26},"end":{"line":21,"column":55}},"type":"cond-expr","locations":[{"start":{"line":21,"column":33},"end":{"line":21,"column":49}},{"start":{"line":21,"column":52},"end":{"line":21,"column":55}}],"line":21},"6":{"loc":{"start":{"line":23,"column":6},"end":{"line":27,"column":7}},"type":"if","locations":[{"start":{"line":23,"column":6},"end":{"line":27,"column":7}},{"start":{},"end":{}}],"line":23},"7":{"loc":{"start":{"line":29,"column":6},"end":{"line":31,"column":7}},"type":"if","locations":[{"start":{"line":29,"column":6},"end":{"line":31,"column":7}},{"start":{},"end":{}}],"line":29},"8":{"loc":{"start":{"line":29,"column":10},"end":{"line":29,"column":59}},"type":"binary-expr","locations":[{"start":{"line":29,"column":10},"end":{"line":29,"column":38}},{"start":{"line":29,"column":42},"end":{"line":29,"column":59}}],"line":29},"9":{"loc":{"start":{"line":33,"column":6},"end":{"line":37,"column":7}},"type":"if","locations":[{"start":{"line":33,"column":6},"end":{"line":37,"column":7}},{"start":{},"end":{}}],"line":33},"10":{"loc":{"start":{"line":45,"column":4},"end":{"line":47,"column":5}},"type":"if","locations":[{"start":{"line":45,"column":4},"end":{"line":47,"column":5}},{"start":{},"end":{}}],"line":45},"11":{"loc":{"start":{"line":88,"column":8},"end":{"line":97,"column":9}},"type":"if","locations":[{"start":{"line":88,"column":8},"end":{"line":97,"column":9}},{"start":{},"end":{}}],"line":88}},"s":{"0":1,"1":0,"2":0,"3":0,"4":0,"5":0,"6":0,"7":0,"8":0,"9":0,"10":0,"11":0,"12":0,"13":0,"14":0,"15":0,"16":0,"17":0,"18":0,"19":0,"20":0,"21":0,"22":0,"23":0,"24":0,"25":0,"26":0,"27":1,"28":0,"29":0,"30":0,"31":0,"32":0},"f":{"0":0,"1":0,"2":0,"3":0,"4":1,"5":0,"6":0},"b":{"0":[0,0,0],"1":[0],"2":[0,0],"3":[0,0],"4":[0,0],"5":[0,0],"6":[0,0],"7":[0,0],"8":[0,0],"9":[0,0],"10":[0,0],"11":[0,0]},"_coverageSchema":"1a1c01bbd47fc00a2c39e90264f33305004495a9","hash":"cebb42e273a2dd9a9437e12ea21d6c2307111c5c"}
,"/Users/abdurahmanomoruyi/Documents/Practicum/finalsprint/NewsExplorerBackend/src/middlewares/securityMiddleware.js": {"path":"/Users/abdurahmanomoruyi/Documents/Practicum/finalsprint/NewsExplorerBackend/src/middlewares/securityMiddleware.js","statementMap":{"0":{"start":{"line":17,"column":28},"end":{"line":79,"column":1}},"1":{"start":{"line":19,"column":17},"end":{"line":19,"column":46}},"2":{"start":{"line":22,"column":2},"end":{"line":25,"column":6}},"3":{"start":{"line":24,"column":41},"end":{"line":24,"column":63}},"4":{"start":{"line":28,"column":2},"end":{"line":59,"column":3}},"5":{"start":{"line":29,"column":18},"end":{"line":29,"column":44}},"6":{"start":{"line":30,"column":4},"end":{"line":30,"column":76}},"7":{"start":{"line":32,"column":4},"end":{"line":47,"column":8}},"8":{"start":{"line":46,"column":19},"end":{"line":46,"column":89}},"9":{"start":{"line":49,"column":4},"end":{"line":49,"column":56}},"10":{"start":{"line":50,"column":4},"end":{"line":52,"column":5}},"11":{"start":{"line":51,"column":6},"end":{"line":51,"column":70}},"12":{"start":{"line":54,"column":4},"end":{"line":58,"column":8}},"13":{"start":{"line":62,"column":2},"end":{"line":62,"column":29}},"14":{"start":{"line":63,"column":2},"end":{"line":63,"column":47}},"15":{"start":{"line":64,"column":2},"end":{"line":64,"column":59}},"16":{"start":{"line":67,"column":2},"end":{"line":73,"column":6}},"17":{"start":{"line":70,"column":6},"end":{"line":70,"column":59}},"18":{"start":{"line":71,"column":6},"end":{"line":71,"column":59}},"19":{"start":{"line":76,"column":2},"end":{"line":76,"column":25}}},"fnMap":{"0":{"name":"(anonymous_0)","decl":{"start":{"line":17,"column":28},"end":{"line":17,"column":29}},"loc":{"start":{"line":17,"column":43},"end":{"line":79,"column":1}},"line":17},"1":{"name":"(anonymous_1)","decl":{"start":{"line":24,"column":27},"end":{"line":24,"column":28}},"loc":{"start":{"line":24,"column":41},"end":{"line":24,"column":63}},"line":24},"2":{"name":"(anonymous_2)","decl":{"start":{"line":46,"column":13},"end":{"line":46,"column":14}},"loc":{"start":{"line":46,"column":19},"end":{"line":46,"column":89}},"line":46},"3":{"name":"(anonymous_3)","decl":{"start":{"line":69,"column":13},"end":{"line":69,"column":14}},"loc":{"start":{"line":69,"column":27},"end":{"line":72,"column":5}},"line":69}},"branchMap":{"0":{"loc":{"start":{"line":19,"column":17},"end":{"line":19,"column":46}},"type":"binary-expr","locations":[{"start":{"line":19,"column":17},"end":{"line":19,"column":35}},{"start":{"line":19,"column":39},"end":{"line":19,"column":46}}],"line":19},"1":{"loc":{"start":{"line":30,"column":46},"end":{"line":30,"column":72}},"type":"cond-expr","locations":[{"start":{"line":30,"column":54},"end":{"line":30,"column":61}},{"start":{"line":30,"column":64},"end":{"line":30,"column":72}}],"line":30},"2":{"loc":{"start":{"line":33,"column":13},"end":{"line":33,"column":47}},"type":"binary-expr","locations":[{"start":{"line":33,"column":13},"end":{"line":33,"column":18}},{"start":{"line":33,"column":22},"end":{"line":33,"column":47}}],"line":33},"3":{"loc":{"start":{"line":34,"column":14},"end":{"line":34,"column":82}},"type":"binary-expr","locations":[{"start":{"line":34,"column":14},"end":{"line":34,"column":40}},{"start":{"line":34,"column":44},"end":{"line":34,"column":82}}],"line":34},"4":{"loc":{"start":{"line":41,"column":17},"end":{"line":41,"column":49}},"type":"binary-expr","locations":[{"start":{"line":41,"column":17},"end":{"line":41,"column":40}},{"start":{"line":41,"column":44},"end":{"line":41,"column":49}}],"line":41},"5":{"loc":{"start":{"line":50,"column":4},"end":{"line":52,"column":5}},"type":"if","locations":[{"start":{"line":50,"column":4},"end":{"line":52,"column":5}},{"start":{},"end":{}}],"line":50}},"s":{"0":1,"1":1,"2":1,"3":0,"4":1,"5":1,"6":1,"7":1,"8":0,"9":0,"10":0,"11":0,"12":0,"13":1,"14":1,"15":1,"16":1,"17":0,"18":0,"19":1},"f":{"0":1,"1":0,"2":0,"3":0},"b":{"0":[1,0],"1":[1,0],"2":[1,0],"3":[1,0],"4":[1,1],"5":[0,0]},"_coverageSchema":"1a1c01bbd47fc00a2c39e90264f33305004495a9","hash":"def0423edea817d76f9491c25c4b4d20d0f11c24"}
,"/Users/abdurahmanomoruyi/Documents/Practicum/finalsprint/NewsExplorerBackend/src/middlewares/validation.js": {"path":"/Users/abdurahmanomoruyi/Documents/Practicum/finalsprint/NewsExplorerBackend/src/middlewares/validation.js","statementMap":{"0":{"start":{"line":8,"column":22},"end":{"line":19,"column":6}},"1":{"start":{"line":11,"column":6},"end":{"line":13,"column":7}},"2":{"start":{"line":12,"column":8},"end":{"line":12,"column":63}},"3":{"start":{"line":14,"column":6},"end":{"line":14,"column":19}},"4":{"start":{"line":21,"column":25},"end":{"line":32,"column":6}},"5":{"start":{"line":34,"column":21},"end":{"line":42,"column":6}},"6":{"start":{"line":45,"column":19},"end":{"line":61,"column":4}},"7":{"start":{"line":47,"column":6},"end":{"line":49,"column":7}},"8":{"start":{"line":48,"column":8},"end":{"line":48,"column":44}},"9":{"start":{"line":50,"column":6},"end":{"line":50,"column":19}},"10":{"start":{"line":54,"column":6},"end":{"line":56,"column":7}},"11":{"start":{"line":55,"column":8},"end":{"line":55,"column":44}},"12":{"start":{"line":57,"column":6},"end":{"line":57,"column":19}},"13":{"start":{"line":65,"column":19},"end":{"line":69,"column":6}},"14":{"start":{"line":71,"column":4},"end":{"line":71,"column":54}},"15":{"start":{"line":76,"column":19},"end":{"line":79,"column":6}},"16":{"start":{"line":81,"column":4},"end":{"line":81,"column":54}},"17":{"start":{"line":86,"column":19},"end":{"line":89,"column":6}},"18":{"start":{"line":91,"column":4},"end":{"line":91,"column":54}},"19":{"start":{"line":96,"column":30},"end":{"line":100,"column":5}},"20":{"start":{"line":102,"column":29},"end":{"line":102,"column":73}},"21":{"start":{"line":104,"column":4},"end":{"line":111,"column":5}},"22":{"start":{"line":105,"column":21},"end":{"line":109,"column":9}},"23":{"start":{"line":105,"column":49},"end":{"line":109,"column":7}},"24":{"start":{"line":110,"column":6},"end":{"line":110,"column":46}},"25":{"start":{"line":114,"column":4},"end":{"line":114,"column":21}},"26":{"start":{"line":115,"column":4},"end":{"line":115,"column":11}}},"fnMap":{"0":{"name":"(anonymous_0)","decl":{"start":{"line":10,"column":12},"end":{"line":10,"column":13}},"loc":{"start":{"line":10,"column":32},"end":{"line":15,"column":5}},"line":10},"1":{"name":"(anonymous_1)","decl":{"start":{"line":46,"column":24},"end":{"line":46,"column":25}},"loc":{"start":{"line":46,"column":44},"end":{"line":51,"column":5}},"line":46},"2":{"name":"(anonymous_2)","decl":{"start":{"line":53,"column":24},"end":{"line":53,"column":25}},"loc":{"start":{"line":53,"column":44},"end":{"line":58,"column":5}},"line":53},"3":{"name":"(anonymous_3)","decl":{"start":{"line":64,"column":2},"end":{"line":64,"column":3}},"loc":{"start":{"line":64,"column":42},"end":{"line":72,"column":3}},"line":64},"4":{"name":"(anonymous_4)","decl":{"start":{"line":75,"column":2},"end":{"line":75,"column":3}},"loc":{"start":{"line":75,"column":40},"end":{"line":82,"column":3}},"line":75},"5":{"name":"(anonymous_5)","decl":{"start":{"line":85,"column":2},"end":{"line":85,"column":3}},"loc":{"start":{"line":85,"column":39},"end":{"line":92,"column":3}},"line":85},"6":{"name":"(anonymous_6)","decl":{"start":{"line":95,"column":2},"end":{"line":95,"column":3}},"loc":{"start":{"line":95,"column":49},"end":{"line":116,"column":3}},"line":95},"7":{"name":"(anonymous_7)","decl":{"start":{"line":105,"column":39},"end":{"line":105,"column":40}},"loc":{"start":{"line":105,"column":49},"end":{"line":109,"column":7}},"line":105}},"branchMap":{"0":{"loc":{"start":{"line":11,"column":6},"end":{"line":13,"column":7}},"type":"if","locations":[{"start":{"line":11,"column":6},"end":{"line":13,"column":7}},{"start":{},"end":{}}],"line":11},"1":{"loc":{"start":{"line":47,"column":6},"end":{"line":49,"column":7}},"type":"if","locations":[{"start":{"line":47,"column":6},"end":{"line":49,"column":7}},{"start":{},"end":{}}],"line":47},"2":{"loc":{"start":{"line":54,"column":6},"end":{"line":56,"column":7}},"type":"if","locations":[{"start":{"line":54,"column":6},"end":{"line":56,"column":7}},{"start":{},"end":{}}],"line":54},"3":{"loc":{"start":{"line":104,"column":4},"end":{"line":111,"column":5}},"type":"if","locations":[{"start":{"line":104,"column":4},"end":{"line":111,"column":5}},{"start":{},"end":{}}],"line":104}},"s":{"0":1,"1":0,"2":0,"3":0,"4":1,"5":1,"6":1,"7":0,"8":0,"9":0,"10":0,"11":0,"12":0,"13":0,"14":0,"15":0,"16":0,"17":0,"18":0,"19":0,"20":0,"21":0,"22":0,"23":0,"24":0,"25":0,"26":0},"f":{"0":0,"1":0,"2":0,"3":0,"4":0,"5":0,"6":0,"7":0},"b":{"0":[0,0],"1":[0,0],"2":[0,0],"3":[0,0]},"_coverageSchema":"1a1c01bbd47fc00a2c39e90264f33305004495a9","hash":"2fa2170f75ed8edc0a27881eadfec1b60e043ab9"}
,"/Users/abdurahmanomoruyi/Documents/Practicum/finalsprint/NewsExplorerBackend/src/models/schema.js": {"path":"/Users/abdurahmanomoruyi/Documents/Practicum/finalsprint/NewsExplorerBackend/src/models/schema.js","statementMap":{"0":{"start":{"line":12,"column":19},"end":{"line":38,"column":2}},"1":{"start":{"line":41,"column":0},"end":{"line":44,"column":3}},"2":{"start":{"line":42,"column":2},"end":{"line":42,"column":30}},"3":{"start":{"line":43,"column":2},"end":{"line":43,"column":9}},"4":{"start":{"line":50,"column":19},"end":{"line":79,"column":2}},"5":{"start":{"line":82,"column":0},"end":{"line":82,"column":27}},"6":{"start":{"line":88,"column":0},"end":{"line":94,"column":2}},"7":{"start":{"line":89,"column":2},"end":{"line":93,"column":4}},"8":{"start":{"line":100,"column":0},"end":{"line":102,"column":2}},"9":{"start":{"line":101,"column":2},"end":{"line":101,"column":64}},"10":{"start":{"line":109,"column":0},"end":{"line":115,"column":2}},"11":{"start":{"line":110,"column":2},"end":{"line":113,"column":3}},"12":{"start":{"line":111,"column":29},"end":{"line":111,"column":82}},"13":{"start":{"line":112,"column":4},"end":{"line":112,"column":43}},"14":{"start":{"line":114,"column":2},"end":{"line":114,"column":15}},"15":{"start":{"line":118,"column":0},"end":{"line":124,"column":3}},"16":{"start":{"line":119,"column":2},"end":{"line":119,"column":50}},"17":{"start":{"line":119,"column":36},"end":{"line":119,"column":50}},"18":{"start":{"line":121,"column":2},"end":{"line":121,"column":55}},"19":{"start":{"line":122,"column":2},"end":{"line":122,"column":45}},"20":{"start":{"line":123,"column":2},"end":{"line":123,"column":9}},"21":{"start":{"line":130,"column":22},"end":{"line":172,"column":2}},"22":{"start":{"line":175,"column":0},"end":{"line":175,"column":30}},"23":{"start":{"line":178,"column":0},"end":{"line":186,"column":3}},"24":{"start":{"line":179,"column":2},"end":{"line":184,"column":3}},"25":{"start":{"line":180,"column":4},"end":{"line":183,"column":31}},"26":{"start":{"line":185,"column":2},"end":{"line":185,"column":9}},"27":{"start":{"line":189,"column":0},"end":{"line":193,"column":3}},"28":{"start":{"line":199,"column":22},"end":{"line":223,"column":2}},"29":{"start":{"line":226,"column":0},"end":{"line":226,"column":30}},"30":{"start":{"line":231,"column":0},"end":{"line":231,"column":56}},"31":{"start":{"line":232,"column":0},"end":{"line":232,"column":35}},"32":{"start":{"line":233,"column":0},"end":{"line":233,"column":51}},"33":{"start":{"line":234,"column":0},"end":{"line":234,"column":36}},"34":{"start":{"line":235,"column":0},"end":{"line":235,"column":33}},"35":{"start":{"line":240,"column":13},"end":{"line":240,"column":47}},"36":{"start":{"line":241,"column":16},"end":{"line":241,"column":56}},"37":{"start":{"line":242,"column":16},"end":{"line":242,"column":56}}},"fnMap":{"0":{"name":"(anonymous_0)","decl":{"start":{"line":41,"column":23},"end":{"line":41,"column":24}},"loc":{"start":{"line":41,"column":38},"end":{"line":44,"column":1}},"line":41},"1":{"name":"(anonymous_1)","decl":{"start":{"line":88,"column":39},"end":{"line":88,"column":40}},"loc":{"start":{"line":88,"column":50},"end":{"line":94,"column":1}},"line":88},"2":{"name":"(anonymous_2)","decl":{"start":{"line":100,"column":37},"end":{"line":100,"column":38}},"loc":{"start":{"line":100,"column":71},"end":{"line":102,"column":1}},"line":100},"3":{"name":"(anonymous_3)","decl":{"start":{"line":109,"column":42},"end":{"line":109,"column":43}},"loc":{"start":{"line":109,"column":65},"end":{"line":115,"column":1}},"line":109},"4":{"name":"(anonymous_4)","decl":{"start":{"line":118,"column":23},"end":{"line":118,"column":24}},"loc":{"start":{"line":118,"column":44},"end":{"line":124,"column":1}},"line":118},"5":{"name":"(anonymous_5)","decl":{"start":{"line":178,"column":26},"end":{"line":178,"column":27}},"loc":{"start":{"line":178,"column":41},"end":{"line":186,"column":1}},"line":178}},"branchMap":{"0":{"loc":{"start":{"line":91,"column":4},"end":{"line":91,"column":70}},"type":"binary-expr","locations":[{"start":{"line":91,"column":4},"end":{"line":91,"column":26}},{"start":{"line":91,"column":30},"end":{"line":91,"column":70}}],"line":91},"1":{"loc":{"start":{"line":92,"column":17},"end":{"line":92,"column":53}},"type":"binary-expr","locations":[{"start":{"line":92,"column":17},"end":{"line":92,"column":43}},{"start":{"line":92,"column":47},"end":{"line":92,"column":53}}],"line":92},"2":{"loc":{"start":{"line":110,"column":2},"end":{"line":113,"column":3}},"type":"if","locations":[{"start":{"line":110,"column":2},"end":{"line":113,"column":3}},{"start":{},"end":{}}],"line":110},"3":{"loc":{"start":{"line":119,"column":2},"end":{"line":119,"column":50}},"type":"if","locations":[{"start":{"line":119,"column":2},"end":{"line":119,"column":50}},{"start":{},"end":{}}],"line":119},"4":{"loc":{"start":{"line":179,"column":2},"end":{"line":184,"column":3}},"type":"if","locations":[{"start":{"line":179,"column":2},"end":{"line":184,"column":3}},{"start":{},"end":{}}],"line":179},"5":{"loc":{"start":{"line":179,"column":6},"end":{"line":179,"column":30}},"type":"binary-expr","locations":[{"start":{"line":179,"column":6},"end":{"line":179,"column":16}},{"start":{"line":179,"column":20},"end":{"line":179,"column":30}}],"line":179}},"s":{"0":1,"1":1,"2":0,"3":0,"4":1,"5":1,"6":1,"7":0,"8":1,"9":0,"10":1,"11":0,"12":0,"13":0,"14":0,"15":1,"16":0,"17":0,"18":0,"19":0,"20":0,"21":1,"22":1,"23":1,"24":0,"25":0,"26":0,"27":1,"28":1,"29":1,"30":1,"31":1,"32":1,"33":1,"34":1,"35":1,"36":1,"37":1},"f":{"0":0,"1":0,"2":0,"3":0,"4":0,"5":0},"b":{"0":[0,0],"1":[0,0],"2":[0,0],"3":[0,0],"4":[0,0],"5":[0,0]},"_coverageSchema":"1a1c01bbd47fc00a2c39e90264f33305004495a9","hash":"c80bd0ba0de39852ef73e206e0c0d363ebeb36fd"}
,"/Users/abdurahmanomoruyi/Documents/Practicum/finalsprint/NewsExplorerBackend/src/repositories/userRepository.js": {"path":"/Users/abdurahmanomoruyi/Documents/Practicum/finalsprint/NewsExplorerBackend/src/repositories/userRepository.js","statementMap":{"0":{"start":{"line":4,"column":6},"end":{"line":4,"column":33}},"1":{"start":{"line":5,"column":6},"end":{"line":5,"column":32}},"2":{"start":{"line":10,"column":6},"end":{"line":10,"column":41}},"3":{"start":{"line":14,"column":6},"end":{"line":14,"column":55}},"4":{"start":{"line":19,"column":27},"end":{"line":22,"column":7}},"5":{"start":{"line":23,"column":6},"end":{"line":23,"column":71}},"6":{"start":{"line":29,"column":6},"end":{"line":29,"column":58}},"7":{"start":{"line":34,"column":6},"end":{"line":37,"column":9}}},"fnMap":{"0":{"name":"(anonymous_0)","decl":{"start":{"line":3,"column":4},"end":{"line":3,"column":5}},"loc":{"start":{"line":3,"column":43},"end":{"line":6,"column":5}},"line":3},"1":{"name":"(anonymous_1)","decl":{"start":{"line":9,"column":4},"end":{"line":9,"column":5}},"loc":{"start":{"line":9,"column":31},"end":{"line":11,"column":5}},"line":9},"2":{"name":"(anonymous_2)","decl":{"start":{"line":13,"column":4},"end":{"line":13,"column":5}},"loc":{"start":{"line":13,"column":35},"end":{"line":15,"column":5}},"line":13},"3":{"name":"(anonymous_3)","decl":{"start":{"line":17,"column":4},"end":{"line":17,"column":5}},"loc":{"start":{"line":17,"column":51},"end":{"line":24,"column":3}},"line":17},"4":{"name":"(anonymous_4)","decl":{"start":{"line":28,"column":4},"end":{"line":28,"column":5}},"loc":{"start":{"line":28,"column":38},"end":{"line":30,"column":5}},"line":28},"5":{"name":"(anonymous_5)","decl":{"start":{"line":33,"column":4},"end":{"line":33,"column":5}},"loc":{"start":{"line":33,"column":29},"end":{"line":38,"column":5}},"line":33}},"branchMap":{"0":{"loc":{"start":{"line":17,"column":37},"end":{"line":17,"column":49}},"type":"default-arg","locations":[{"start":{"line":17,"column":47},"end":{"line":17,"column":49}}],"line":17}},"s":{"0":1,"1":1,"2":0,"3":0,"4":0,"5":0,"6":0,"7":0},"f":{"0":1,"1":0,"2":0,"3":0,"4":0,"5":0},"b":{"0":[0]},"_coverageSchema":"1a1c01bbd47fc00a2c39e90264f33305004495a9","hash":"0da7d2ee2a3ccc54e5f96c013c1766d9e3ee0128"}
,"/Users/abdurahmanomoruyi/Documents/Practicum/finalsprint/NewsExplorerBackend/src/routes/index.js": {"path":"/Users/abdurahmanomoruyi/Documents/Practicum/finalsprint/NewsExplorerBackend/src/routes/index.js","statementMap":{"0":{"start":{"line":6,"column":15},"end":{"line":6,"column":23}},"1":{"start":{"line":9,"column":0},"end":{"line":9,"column":27}},"2":{"start":{"line":10,"column":0},"end":{"line":10,"column":51}},"3":{"start":{"line":13,"column":0},"end":{"line":13,"column":34}}},"fnMap":{},"branchMap":{},"s":{"0":1,"1":1,"2":1,"3":1},"f":{},"b":{},"_coverageSchema":"1a1c01bbd47fc00a2c39e90264f33305004495a9","hash":"e07b1ca243202e94b6c9e76e0cb732691d1a8cc1"}
,"/Users/abdurahmanomoruyi/Documents/Practicum/finalsprint/NewsExplorerBackend/src/routes/userRoutes.js": {"path":"/Users/abdurahmanomoruyi/Documents/Practicum/finalsprint/NewsExplorerBackend/src/routes/userRoutes.js","statementMap":{"0":{"start":{"line":5,"column":20},"end":{"line":5,"column":28}},"1":{"start":{"line":7,"column":0},"end":{"line":8,"column":60}},"2":{"start":{"line":10,"column":0},"end":{"line":11,"column":54}},"3":{"start":{"line":13,"column":0},"end":{"line":14,"column":57}},"4":{"start":{"line":17,"column":0},"end":{"line":18,"column":33}}},"fnMap":{},"branchMap":{},"s":{"0":1,"1":1,"2":1,"3":1,"4":1},"f":{},"b":{},"_coverageSchema":"1a1c01bbd47fc00a2c39e90264f33305004495a9","hash":"c9affe478a7c0f69d12657dd3c5557ca825d8497"}
,"/Users/abdurahmanomoruyi/Documents/Practicum/finalsprint/NewsExplorerBackend/src/utils/helpers.js": {"path":"/Users/abdurahmanomoruyi/Documents/Practicum/finalsprint/NewsExplorerBackend/src/utils/helpers.js","statementMap":{"0":{"start":{"line":7,"column":6},"end":{"line":7,"column":13}},"1":{"start":{"line":9,"column":23},"end":{"line":9,"column":81}},"2":{"start":{"line":10,"column":15},"end":{"line":10,"column":28}},"3":{"start":{"line":11,"column":18},"end":{"line":14,"column":3}},"4":{"start":{"line":18,"column":4},"end":{"line":20,"column":5}},"5":{"start":{"line":19,"column":6},"end":{"line":19,"column":36}},"6":{"start":{"line":23,"column":4},"end":{"line":25,"column":5}},"7":{"start":{"line":24,"column":6},"end":{"line":24,"column":35}},"8":{"start":{"line":28,"column":4},"end":{"line":33,"column":5}},"9":{"start":{"line":29,"column":6},"end":{"line":31,"column":7}},"10":{"start":{"line":30,"column":8},"end":{"line":30,"column":38}},"11":{"start":{"line":32,"column":6},"end":{"line":32,"column":22}},"12":{"start":{"line":36,"column":4},"end":{"line":43,"column":5}},"13":{"start":{"line":37,"column":6},"end":{"line":42,"column":8}},"14":{"start":{"line":46,"column":4},"end":{"line":48,"column":5}},"15":{"start":{"line":47,"column":6},"end":{"line":47,"column":29}},"16":{"start":{"line":50,"column":2},"end":{"line":57,"column":3}},"17":{"start":{"line":51,"column":4},"end":{"line":51,"column":27}},"18":{"start":{"line":53,"column":4},"end":{"line":56,"column":5}},"19":{"start":{"line":54,"column":6},"end":{"line":54,"column":29}},"20":{"start":{"line":55,"column":6},"end":{"line":55,"column":36}},"21":{"start":{"line":59,"column":4},"end":{"line":59,"column":17}},"22":{"start":{"line":63,"column":2},"end":{"line":74,"column":3}},"23":{"start":{"line":65,"column":28},"end":{"line":65,"column":69}},"24":{"start":{"line":65,"column":44},"end":{"line":65,"column":69}},"25":{"start":{"line":66,"column":4},"end":{"line":66,"column":55}},"26":{"start":{"line":68,"column":4},"end":{"line":68,"column":33}},"27":{"start":{"line":68,"column":23},"end":{"line":68,"column":33}},"28":{"start":{"line":69,"column":4},"end":{"line":73,"column":7}}},"fnMap":{"0":{"name":"safeStringify","decl":{"start":{"line":1,"column":9},"end":{"line":1,"column":22}},"loc":{"start":{"line":1,"column":42},"end":{"line":75,"column":1}},"line":1},"1":{"name":"serializer","decl":{"start":{"line":16,"column":11},"end":{"line":16,"column":21}},"loc":{"start":{"line":16,"column":52},"end":{"line":60,"column":3}},"line":16},"2":{"name":"(anonymous_2)","decl":{"start":{"line":65,"column":28},"end":{"line":65,"column":29}},"loc":{"start":{"line":65,"column":44},"end":{"line":65,"column":69}},"line":65}},"branchMap":{"0":{"loc":{"start":{"line":1,"column":28},"end":{"line":1,"column":40}},"type":"default-arg","locations":[{"start":{"line":1,"column":38},"end":{"line":1,"column":40}}],"line":1},"1":{"loc":{"start":{"line":3,"column":4},"end":{"line":3,"column":13}},"type":"default-arg","locations":[{"start":{"line":3,"column":12},"end":{"line":3,"column":13}}],"line":3},"2":{"loc":{"start":{"line":4,"column":4},"end":{"line":4,"column":17}},"type":"default-arg","locations":[{"start":{"line":4,"column":15},"end":{"line":4,"column":17}}],"line":4},"3":{"loc":{"start":{"line":5,"column":4},"end":{"line":5,"column":22}},"type":"default-arg","locations":[{"start":{"line":5,"column":18},"end":{"line":5,"column":22}}],"line":5},"4":{"loc":{"start":{"line":6,"column":4},"end":{"line":6,"column":23}},"type":"default-arg","locations":[{"start":{"line":6,"column":19},"end":{"line":6,"column":23}}],"line":6},"5":{"loc":{"start":{"line":16,"column":34},"end":{"line":16,"column":50}},"type":"default-arg","locations":[{"start":{"line":16,"column":49},"end":{"line":16,"column":50}}],"line":16},"6":{"loc":{"start":{"line":18,"column":4},"end":{"line":20,"column":5}},"type":"if","locations":[{"start":{"line":18,"column":4},"end":{"line":20,"column":5}},{"start":{},"end":{}}],"line":18},"7":{"loc":{"start":{"line":23,"column":4},"end":{"line":25,"column":5}},"type":"if","locations":[{"start":{"line":23,"column":4},"end":{"line":25,"column":5}},{"start":{},"end":{}}],"line":23},"8":{"loc":{"start":{"line":23,"column":8},"end":{"line":23,"column":51}},"type":"binary-expr","locations":[{"start":{"line":23,"column":8},"end":{"line":23,"column":19}},{"start":{"line":23,"column":23},"end":{"line":23,"column":26}},{"start":{"line":23,"column":30},"end":{"line":23,"column":51}}],"line":23},"9":{"loc":{"start":{"line":28,"column":4},"end":{"line":33,"column":5}},"type":"if","locations":[{"start":{"line":28,"column":4},"end":{"line":33,"column":5}},{"start":{},"end":{}}],"line":28},"10":{"loc":{"start":{"line":28,"column":8},"end":{"line":28,"column":51}},"type":"binary-expr","locations":[{"start":{"line":28,"column":8},"end":{"line":28,"column":33}},{"start":{"line":28,"column":37},"end":{"line":28,"column":51}}],"line":28},"11":{"loc":{"start":{"line":29,"column":6},"end":{"line":31,"column":7}},"type":"if","locations":[{"start":{"line":29,"column":6},"end":{"line":31,"column":7}},{"start":{},"end":{}}],"line":29},"12":{"loc":{"start":{"line":36,"column":4},"end":{"line":43,"column":5}},"type":"if","locations":[{"start":{"line":36,"column":4},"end":{"line":43,"column":5}},{"start":{},"end":{}}],"line":36},"13":{"loc":{"start":{"line":46,"column":4},"end":{"line":48,"column":5}},"type":"if","locations":[{"start":{"line":46,"column":4},"end":{"line":48,"column":5}},{"start":{},"end":{}}],"line":46},"14":{"loc":{"start":{"line":46,"column":8},"end":{"line":46,"column":64}},"type":"binary-expr","locations":[{"start":{"line":46,"column":8},"end":{"line":46,"column":31}},{"start":{"line":46,"column":35},"end":{"line":46,"column":64}}],"line":46},"15":{"loc":{"start":{"line":50,"column":2},"end":{"line":57,"column":3}},"type":"if","locations":[{"start":{"line":50,"column":2},"end":{"line":57,"column":3}},{"start":{},"end":{}}],"line":50},"16":{"loc":{"start":{"line":50,"column":6},"end":{"line":50,"column":49}},"type":"binary-expr","locations":[{"start":{"line":50,"column":6},"end":{"line":50,"column":31}},{"start":{"line":50,"column":35},"end":{"line":50,"column":49}}],"line":50},"17":{"loc":{"start":{"line":53,"column":4},"end":{"line":56,"column":5}},"type":"if","locations":[{"start":{"line":53,"column":4},"end":{"line":56,"column":5}},{"start":{},"end":{}}],"line":53},"18":{"loc":{"start":{"line":68,"column":4},"end":{"line":68,"column":33}},"type":"if","locations":[{"start":{"line":68,"column":4},"end":{"line":68,"column":33}},{"start":{},"end":{}}],"line":68}},"s":{"0":5,"1":5,"2":5,"3":5,"4":15,"5":0,"6":15,"7":3,"8":12,"9":10,"10":1,"11":9,"12":11,"13":0,"14":11,"15":0,"16":11,"17":9,"18":9,"19":1,"20":1,"21":10,"22":5,"23":5,"24":15,"25":5,"26":0,"27":0,"28":0},"f":{"0":5,"1":15,"2":15},"b":{"0":[4],"1":[4],"2":[4],"3":[5],"4":[5],"5":[0],"6":[0,15],"7":[3,12],"8":[15,15,10],"9":[10,2],"10":[12,10],"11":[1,9],"12":[0,11],"13":[0,11],"14":[11,11],"15":[9,2],"16":[11,9],"17":[1,8],"18":[0,0]},"_coverageSchema":"1a1c01bbd47fc00a2c39e90264f33305004495a9","hash":"b5709ab2c2f990bc147442979cbe31f13d2d9b08"}
,"/Users/abdurahmanomoruyi/Documents/Practicum/finalsprint/NewsExplorerBackend/src/utils/error/AppError.js": {"path":"/Users/abdurahmanomoruyi/Documents/Practicum/finalsprint/NewsExplorerBackend/src/utils/error/AppError.js","statementMap":{"0":{"start":{"line":3,"column":4},"end":{"line":3,"column":19}},"1":{"start":{"line":4,"column":4},"end":{"line":4,"column":33}},"2":{"start":{"line":5,"column":4},"end":{"line":5,"column":69}},"3":{"start":{"line":6,"column":4},"end":{"line":6,"column":30}},"4":{"start":{"line":7,"column":4},"end":{"line":7,"column":27}},"5":{"start":{"line":8,"column":4},"end":{"line":8,"column":52}}},"fnMap":{"0":{"name":"(anonymous_0)","decl":{"start":{"line":2,"column":2},"end":{"line":2,"column":3}},"loc":{"start":{"line":2,"column":49},"end":{"line":9,"column":3}},"line":2}},"branchMap":{"0":{"loc":{"start":{"line":2,"column":35},"end":{"line":2,"column":47}},"type":"default-arg","locations":[{"start":{"line":2,"column":45},"end":{"line":2,"column":47}}],"line":2},"1":{"loc":{"start":{"line":5,"column":18},"end":{"line":5,"column":68}},"type":"cond-expr","locations":[{"start":{"line":5,"column":52},"end":{"line":5,"column":58}},{"start":{"line":5,"column":61},"end":{"line":5,"column":68}}],"line":5}},"s":{"0":0,"1":0,"2":0,"3":0,"4":0,"5":0},"f":{"0":0},"b":{"0":[0],"1":[0,0]},"_coverageSchema":"1a1c01bbd47fc00a2c39e90264f33305004495a9","hash":"c715ea16a8dcf547327fb988b343485205c60b61"}
}
