{"/Users/abdurahmanomoruyi/Documents/Practicum/finalsprint/NewsExplorerBackend/__tests__/dbTestHelper.js": {"path":"/Users/abdurahmanomoruyi/Documents/Practicum/finalsprint/NewsExplorerBackend/__tests__/dbTestHelper.js","statementMap":{"0":{"start":{"line":3,"column":17},"end":{"line":3,"column":21}},"1":{"start":{"line":6,"column":2},"end":{"line":6,"column":36}},"2":{"start":{"line":6,"column":18},"end":{"line":6,"column":36}},"3":{"start":{"line":8,"column":2},"end":{"line":20,"column":3}},"4":{"start":{"line":9,"column":4},"end":{"line":14,"column":7}},"5":{"start":{"line":16,"column":4},"end":{"line":16,"column":22}},"6":{"start":{"line":18,"column":4},"end":{"line":18,"column":22}},"7":{"start":{"line":19,"column":4},"end":{"line":19,"column":14}},"8":{"start":{"line":24,"column":2},"end":{"line":24,"column":26}},"9":{"start":{"line":24,"column":19},"end":{"line":24,"column":26}},"10":{"start":{"line":26,"column":2},"end":{"line":37,"column":3}},"11":{"start":{"line":27,"column":4},"end":{"line":27,"column":29}},"12":{"start":{"line":28,"column":4},"end":{"line":28,"column":60}},"13":{"start":{"line":28,"column":46},"end":{"line":28,"column":58}},"14":{"start":{"line":29,"column":4},"end":{"line":29,"column":32}},"15":{"start":{"line":31,"column":4},"end":{"line":31,"column":47}},"16":{"start":{"line":33,"column":4},"end":{"line":33,"column":22}},"17":{"start":{"line":34,"column":4},"end":{"line":34,"column":55}},"18":{"start":{"line":34,"column":41},"end":{"line":34,"column":53}},"19":{"start":{"line":35,"column":4},"end":{"line":35,"column":25}},"20":{"start":{"line":36,"column":4},"end":{"line":36,"column":31}}},"fnMap":{"0":{"name":"connectDB","decl":{"start":{"line":5,"column":22},"end":{"line":5,"column":31}},"loc":{"start":{"line":5,"column":34},"end":{"line":21,"column":1}},"line":5},"1":{"name":"disconnectDB","decl":{"start":{"line":23,"column":22},"end":{"line":23,"column":34}},"loc":{"start":{"line":23,"column":37},"end":{"line":38,"column":1}},"line":23},"2":{"name":"(anonymous_2)","decl":{"start":{"line":28,"column":38},"end":{"line":28,"column":39}},"loc":{"start":{"line":28,"column":46},"end":{"line":28,"column":58}},"line":28},"3":{"name":"(anonymous_3)","decl":{"start":{"line":34,"column":33},"end":{"line":34,"column":34}},"loc":{"start":{"line":34,"column":41},"end":{"line":34,"column":53}},"line":34}},"branchMap":{"0":{"loc":{"start":{"line":6,"column":2},"end":{"line":6,"column":36}},"type":"if","locations":[{"start":{"line":6,"column":2},"end":{"line":6,"column":36}},{"start":{},"end":{}}],"line":6},"1":{"loc":{"start":{"line":24,"column":2},"end":{"line":24,"column":26}},"type":"if","locations":[{"start":{"line":24,"column":2},"end":{"line":24,"column":26}},{"start":{},"end":{}}],"line":24}},"s":{"0":1,"1":1,"2":0,"3":1,"4":1,"5":1,"6":0,"7":0,"8":1,"9":0,"10":1,"11":1,"12":1,"13":0,"14":0,"15":1,"16":1,"17":1,"18":2,"19":1,"20":1},"f":{"0":1,"1":1,"2":0,"3":2},"b":{"0":[0,1],"1":[0,1]},"_coverageSchema":"1a1c01bbd47fc00a2c39e90264f33305004495a9","hash":"f87c62e1027e9ca4437886028fd04866445c2c86"}
,"/Users/abdurahmanomoruyi/Documents/Practicum/finalsprint/NewsExplorerBackend/src/utils/helpers.js": {"path":"/Users/abdurahmanomoruyi/Documents/Practicum/finalsprint/NewsExplorerBackend/src/utils/helpers.js","statementMap":{"0":{"start":{"line":7,"column":6},"end":{"line":7,"column":13}},"1":{"start":{"line":9,"column":23},"end":{"line":9,"column":81}},"2":{"start":{"line":10,"column":15},"end":{"line":10,"column":28}},"3":{"start":{"line":11,"column":18},"end":{"line":14,"column":3}},"4":{"start":{"line":18,"column":4},"end":{"line":20,"column":5}},"5":{"start":{"line":19,"column":6},"end":{"line":19,"column":36}},"6":{"start":{"line":23,"column":4},"end":{"line":25,"column":5}},"7":{"start":{"line":24,"column":6},"end":{"line":24,"column":35}},"8":{"start":{"line":28,"column":4},"end":{"line":33,"column":5}},"9":{"start":{"line":29,"column":6},"end":{"line":31,"column":7}},"10":{"start":{"line":30,"column":8},"end":{"line":30,"column":38}},"11":{"start":{"line":32,"column":6},"end":{"line":32,"column":22}},"12":{"start":{"line":36,"column":4},"end":{"line":43,"column":5}},"13":{"start":{"line":37,"column":6},"end":{"line":42,"column":8}},"14":{"start":{"line":46,"column":4},"end":{"line":48,"column":5}},"15":{"start":{"line":47,"column":6},"end":{"line":47,"column":29}},"16":{"start":{"line":50,"column":2},"end":{"line":57,"column":3}},"17":{"start":{"line":51,"column":4},"end":{"line":51,"column":27}},"18":{"start":{"line":53,"column":4},"end":{"line":56,"column":5}},"19":{"start":{"line":54,"column":6},"end":{"line":54,"column":29}},"20":{"start":{"line":55,"column":6},"end":{"line":55,"column":36}},"21":{"start":{"line":59,"column":4},"end":{"line":59,"column":17}},"22":{"start":{"line":63,"column":2},"end":{"line":74,"column":3}},"23":{"start":{"line":65,"column":28},"end":{"line":65,"column":69}},"24":{"start":{"line":65,"column":44},"end":{"line":65,"column":69}},"25":{"start":{"line":66,"column":4},"end":{"line":66,"column":55}},"26":{"start":{"line":68,"column":4},"end":{"line":68,"column":33}},"27":{"start":{"line":68,"column":23},"end":{"line":68,"column":33}},"28":{"start":{"line":69,"column":4},"end":{"line":73,"column":7}}},"fnMap":{"0":{"name":"safeStringify","decl":{"start":{"line":1,"column":9},"end":{"line":1,"column":22}},"loc":{"start":{"line":1,"column":42},"end":{"line":75,"column":1}},"line":1},"1":{"name":"serializer","decl":{"start":{"line":16,"column":11},"end":{"line":16,"column":21}},"loc":{"start":{"line":16,"column":52},"end":{"line":60,"column":3}},"line":16},"2":{"name":"(anonymous_2)","decl":{"start":{"line":65,"column":28},"end":{"line":65,"column":29}},"loc":{"start":{"line":65,"column":44},"end":{"line":65,"column":69}},"line":65}},"branchMap":{"0":{"loc":{"start":{"line":1,"column":28},"end":{"line":1,"column":40}},"type":"default-arg","locations":[{"start":{"line":1,"column":38},"end":{"line":1,"column":40}}],"line":1},"1":{"loc":{"start":{"line":3,"column":4},"end":{"line":3,"column":13}},"type":"default-arg","locations":[{"start":{"line":3,"column":12},"end":{"line":3,"column":13}}],"line":3},"2":{"loc":{"start":{"line":4,"column":4},"end":{"line":4,"column":17}},"type":"default-arg","locations":[{"start":{"line":4,"column":15},"end":{"line":4,"column":17}}],"line":4},"3":{"loc":{"start":{"line":5,"column":4},"end":{"line":5,"column":22}},"type":"default-arg","locations":[{"start":{"line":5,"column":18},"end":{"line":5,"column":22}}],"line":5},"4":{"loc":{"start":{"line":6,"column":4},"end":{"line":6,"column":23}},"type":"default-arg","locations":[{"start":{"line":6,"column":19},"end":{"line":6,"column":23}}],"line":6},"5":{"loc":{"start":{"line":16,"column":34},"end":{"line":16,"column":50}},"type":"default-arg","locations":[{"start":{"line":16,"column":49},"end":{"line":16,"column":50}}],"line":16},"6":{"loc":{"start":{"line":18,"column":4},"end":{"line":20,"column":5}},"type":"if","locations":[{"start":{"line":18,"column":4},"end":{"line":20,"column":5}},{"start":{},"end":{}}],"line":18},"7":{"loc":{"start":{"line":23,"column":4},"end":{"line":25,"column":5}},"type":"if","locations":[{"start":{"line":23,"column":4},"end":{"line":25,"column":5}},{"start":{},"end":{}}],"line":23},"8":{"loc":{"start":{"line":23,"column":8},"end":{"line":23,"column":51}},"type":"binary-expr","locations":[{"start":{"line":23,"column":8},"end":{"line":23,"column":19}},{"start":{"line":23,"column":23},"end":{"line":23,"column":26}},{"start":{"line":23,"column":30},"end":{"line":23,"column":51}}],"line":23},"9":{"loc":{"start":{"line":28,"column":4},"end":{"line":33,"column":5}},"type":"if","locations":[{"start":{"line":28,"column":4},"end":{"line":33,"column":5}},{"start":{},"end":{}}],"line":28},"10":{"loc":{"start":{"line":28,"column":8},"end":{"line":28,"column":51}},"type":"binary-expr","locations":[{"start":{"line":28,"column":8},"end":{"line":28,"column":33}},{"start":{"line":28,"column":37},"end":{"line":28,"column":51}}],"line":28},"11":{"loc":{"start":{"line":29,"column":6},"end":{"line":31,"column":7}},"type":"if","locations":[{"start":{"line":29,"column":6},"end":{"line":31,"column":7}},{"start":{},"end":{}}],"line":29},"12":{"loc":{"start":{"line":36,"column":4},"end":{"line":43,"column":5}},"type":"if","locations":[{"start":{"line":36,"column":4},"end":{"line":43,"column":5}},{"start":{},"end":{}}],"line":36},"13":{"loc":{"start":{"line":46,"column":4},"end":{"line":48,"column":5}},"type":"if","locations":[{"start":{"line":46,"column":4},"end":{"line":48,"column":5}},{"start":{},"end":{}}],"line":46},"14":{"loc":{"start":{"line":46,"column":8},"end":{"line":46,"column":64}},"type":"binary-expr","locations":[{"start":{"line":46,"column":8},"end":{"line":46,"column":31}},{"start":{"line":46,"column":35},"end":{"line":46,"column":64}}],"line":46},"15":{"loc":{"start":{"line":50,"column":2},"end":{"line":57,"column":3}},"type":"if","locations":[{"start":{"line":50,"column":2},"end":{"line":57,"column":3}},{"start":{},"end":{}}],"line":50},"16":{"loc":{"start":{"line":50,"column":6},"end":{"line":50,"column":49}},"type":"binary-expr","locations":[{"start":{"line":50,"column":6},"end":{"line":50,"column":31}},{"start":{"line":50,"column":35},"end":{"line":50,"column":49}}],"line":50},"17":{"loc":{"start":{"line":53,"column":4},"end":{"line":56,"column":5}},"type":"if","locations":[{"start":{"line":53,"column":4},"end":{"line":56,"column":5}},{"start":{},"end":{}}],"line":53},"18":{"loc":{"start":{"line":68,"column":4},"end":{"line":68,"column":33}},"type":"if","locations":[{"start":{"line":68,"column":4},"end":{"line":68,"column":33}},{"start":{},"end":{}}],"line":68}},"s":{"0":5,"1":5,"2":5,"3":5,"4":15,"5":0,"6":15,"7":3,"8":12,"9":10,"10":1,"11":9,"12":11,"13":0,"14":11,"15":0,"16":11,"17":9,"18":9,"19":1,"20":1,"21":10,"22":5,"23":5,"24":15,"25":5,"26":0,"27":0,"28":0},"f":{"0":5,"1":15,"2":15},"b":{"0":[4],"1":[4],"2":[4],"3":[5],"4":[5],"5":[0],"6":[0,15],"7":[3,12],"8":[15,15,10],"9":[10,2],"10":[12,10],"11":[1,9],"12":[0,11],"13":[0,11],"14":[11,11],"15":[9,2],"16":[11,9],"17":[1,8],"18":[0,0]},"_coverageSchema":"1a1c01bbd47fc00a2c39e90264f33305004495a9","hash":"b5709ab2c2f990bc147442979cbe31f13d2d9b08"}
}
