TN:
SF:__tests__/dbTestHelper.js
FN:5,connectDB
FN:23,disconnectDB
FN:28,(anonymous_2)
FN:34,(anonymous_3)
FNF:4
FNH:3
FNDA:1,connectDB
FNDA:1,disconnectDB
FNDA:0,(anonymous_2)
FNDA:2,(anonymous_3)
DA:3,1
DA:6,1
DA:8,1
DA:9,1
DA:16,1
DA:18,0
DA:19,0
DA:24,1
DA:26,1
DA:27,1
DA:28,1
DA:29,0
DA:31,1
DA:33,1
DA:34,2
DA:35,1
DA:36,1
LF:17
LH:14
BRDA:6,0,0,0
BRDA:6,0,1,1
BRDA:24,1,0,0
BRDA:24,1,1,1
BRF:4
BRH:2
end_of_record
TN:
SF:src/utils/helpers.js
FN:1,safeStringify
FN:16,serializer
FN:65,(anonymous_2)
FNF:3
FNH:3
FNDA:5,safeStringify
FNDA:15,serializer
FNDA:15,(anonymous_2)
DA:7,5
DA:9,5
DA:10,5
DA:11,5
DA:18,15
DA:19,0
DA:23,15
DA:24,3
DA:28,12
DA:29,10
DA:30,1
DA:32,9
DA:36,11
DA:37,0
DA:46,11
DA:47,0
DA:50,11
DA:51,9
DA:53,9
DA:54,1
DA:55,1
DA:59,10
DA:63,5
DA:65,15
DA:66,5
DA:68,0
DA:69,0
LF:27
LH:22
BRDA:1,0,0,4
BRDA:3,1,0,4
BRDA:4,2,0,4
BRDA:5,3,0,5
BRDA:6,4,0,5
BRDA:16,5,0,0
BRDA:18,6,0,0
BRDA:18,6,1,15
BRDA:23,7,0,3
BRDA:23,7,1,12
BRDA:23,8,0,15
BRDA:23,8,1,15
BRDA:23,8,2,10
BRDA:28,9,0,10
BRDA:28,9,1,2
BRDA:28,10,0,12
BRDA:28,10,1,10
BRDA:29,11,0,1
BRDA:29,11,1,9
BRDA:36,12,0,0
BRDA:36,12,1,11
BRDA:46,13,0,0
BRDA:46,13,1,11
BRDA:46,14,0,11
BRDA:46,14,1,11
BRDA:50,15,0,9
BRDA:50,15,1,2
BRDA:50,16,0,11
BRDA:50,16,1,9
BRDA:53,17,0,1
BRDA:53,17,1,8
BRDA:68,18,0,0
BRDA:68,18,1,0
BRF:33
BRH:27
end_of_record
