TN:
SF:src/server.js
FN:17,connectAdapter
FN:34,gracefulShutdown
FN:38,(anonymous_2)
FN:55,startServer
FN:61,(anonymous_4)
FN:64,(anonymous_5)
FN:75,(anonymous_6)
FN:79,(anonymous_7)
FN:80,(anonymous_8)
FN:90,(anonymous_9)
FNF:10
FNH:2
FNDA:3,connectAdapter
FNDA:0,gracefulShutdown
FNDA:0,(anonymous_2)
FNDA:2,startServer
FNDA:0,(anonymous_4)
FNDA:0,(anonymous_5)
FNDA:0,(anonymous_6)
FNDA:0,(anonymous_7)
FNDA:0,(anonymous_8)
FNDA:0,(anonymous_9)
DA:2,1
DA:8,1
DA:11,1
DA:12,1
DA:18,3
DA:19,3
DA:26,3
DA:27,3
DA:29,0
DA:30,0
DA:35,0
DA:36,0
DA:37,0
DA:38,0
DA:39,0
DA:40,0
DA:41,0
DA:45,0
DA:46,0
DA:47,0
DA:56,2
DA:58,2
DA:59,2
DA:61,2
DA:64,2
DA:65,0
DA:67,0
DA:68,0
DA:69,0
DA:71,0
DA:75,2
DA:76,0
DA:79,2
DA:80,2
DA:82,2
DA:84,0
DA:85,0
DA:90,1
DA:91,0
DA:92,0
LF:40
LH:18
BRDA:34,0,0,0
BRDA:40,1,0,0
BRDA:40,1,1,0
BRDA:46,2,0,0
BRDA:46,2,1,0
BRDA:56,3,0,2
BRDA:56,3,1,0
BRF:7
BRH:1
end_of_record
TN:
SF:src/utils/helpers.js
FN:1,safeStringify
FN:16,serializer
FN:65,(anonymous_2)
FNF:3
FNH:3
FNDA:5,safeStringify
FNDA:15,serializer
FNDA:15,(anonymous_2)
DA:7,5
DA:9,5
DA:10,5
DA:11,5
DA:18,15
DA:19,0
DA:23,15
DA:24,3
DA:28,12
DA:29,10
DA:30,1
DA:32,9
DA:36,11
DA:37,0
DA:46,11
DA:47,0
DA:50,11
DA:51,9
DA:53,9
DA:54,1
DA:55,1
DA:59,10
DA:63,5
DA:65,15
DA:66,5
DA:68,0
DA:69,0
LF:27
LH:22
BRDA:1,0,0,4
BRDA:3,1,0,4
BRDA:4,2,0,4
BRDA:5,3,0,5
BRDA:6,4,0,5
BRDA:16,5,0,0
BRDA:18,6,0,0
BRDA:18,6,1,15
BRDA:23,7,0,3
BRDA:23,7,1,12
BRDA:23,8,0,15
BRDA:23,8,1,15
BRDA:23,8,2,10
BRDA:28,9,0,10
BRDA:28,9,1,2
BRDA:28,10,0,12
BRDA:28,10,1,10
BRDA:29,11,0,1
BRDA:29,11,1,9
BRDA:36,12,0,0
BRDA:36,12,1,11
BRDA:46,13,0,0
BRDA:46,13,1,11
BRDA:46,14,0,11
BRDA:46,14,1,11
BRDA:50,15,0,9
BRDA:50,15,1,2
BRDA:50,16,0,11
BRDA:50,16,1,9
BRDA:53,17,0,1
BRDA:53,17,1,8
BRDA:68,18,0,0
BRDA:68,18,1,0
BRF:33
BRH:27
end_of_record
